<?xml version="1.0" encoding="utf-8"?><testsuites name="pytest tests"><testsuite name="pytest" errors="0" failures="0" skipped="0" tests="8" time="1.786" timestamp="2026-06-15T06:18:30.195190+00:00" hostname="agent-env-ca46bf67-d03c-4fcc-a77d-52e4919e64df"><testcase classname="backend.tests.test_planning_teams_quick_tasks.TestPlanningTeams" name="test_get_requires_auth" time="0.409" /><testcase classname="backend.tests.test_planning_teams_quick_tasks.TestPlanningTeams" name="test_get_returns_defaults_when_no_config" time="0.130" /><testcase classname="backend.tests.test_planning_teams_quick_tasks.TestPlanningTeams" name="test_put_persists_and_shared_across_admins" time="0.228" /><testcase classname="backend.tests.test_planning_teams_quick_tasks.TestPlanningTeams" name="test_put_strips_empty_and_whitespace" time="0.100" /><testcase classname="backend.tests.test_planning_teams_quick_tasks.TestPlanningTeams" name="test_put_requires_auth" time="0.095" /><testcase classname="backend.tests.test_planning_teams_quick_tasks.TestQuickTasks" name="test_create_and_get_quick_task" time="0.234" /><testcase classname="backend.tests.test_planning_teams_quick_tasks.TestQuickTasks" name="test_update_quick_task_by_id_only" time="0.210" /><testcase classname="backend.tests.test_planning_teams_quick_tasks.TestQuickTasks" name="test_delete_quick_task_by_id_only" time="0.316" /></testsuite></testsuites>