<?xml version="1.0" encoding="utf-8"?><testsuites name="pytest tests"><testsuite name="pytest" errors="0" failures="0" skipped="0" tests="7" time="6.868" timestamp="2026-06-03T14:12:58.485901+00:00" hostname="agent-env-ca46bf67-d03c-4fcc-a77d-52e4919e64df"><testcase classname="backend.tests.test_mandagen_fase3.TestGlobalConfig" name="test_get_global_config" time="0.279" /><testcase classname="backend.tests.test_mandagen_fase3.TestGlobalConfig" name="test_put_global_config" time="0.185" /><testcase classname="backend.tests.test_mandagen_fase3.TestProjectConfigOverride" name="test_set_and_reset_project_override" time="0.177" /><testcase classname="backend.tests.test_mandagen_fase3.TestGenerateAndGet" name="test_generate" time="0.064" /><testcase classname="backend.tests.test_mandagen_fase3.TestGenerateAndGet" name="test_get_mandagen_structure" time="0.056" /><testcase classname="backend.tests.test_mandagen_fase3.TestManualLinesAndOverride" name="test_add_update_override_delete" time="0.332" /><testcase classname="backend.tests.test_mandagen_fase3.TestAIProductivityProfile" name="test_ai_fill_endpoint" time="5.706" /></testsuite></testsuites>