<?xml version="1.0" encoding="utf-8"?><testsuites name="pytest tests"><testsuite name="pytest" errors="0" failures="0" skipped="10" tests="10" time="0.555" timestamp="2026-01-29T20:11:11.914627+00:00" hostname="agent-env-6be1b91a-8f95-4931-8a50-c8c03f36f8ae"><testcase classname="backend.tests.test_manual_invoices.TestManualInvoices" name="test_create_manual_invoice_entry" time="0.082"><skipped type="pytest.skip" message="Authentication failed: 404 - {&quot;detail&quot;:&quot;Not Found&quot;}">/app/backend/tests/test_manual_invoices.py:40: Authentication failed: 404 - {"detail":"Not Found"}</skipped></testcase><testcase classname="backend.tests.test_manual_invoices.TestManualInvoices" name="test_create_manual_invoice_with_billit" time="0.040"><skipped type="pytest.skip" message="Authentication failed: 404 - {&quot;detail&quot;:&quot;Not Found&quot;}">/app/backend/tests/test_manual_invoices.py:69: Authentication failed: 404 - {"detail":"Not Found"}</skipped></testcase><testcase classname="backend.tests.test_manual_invoices.TestManualInvoices" name="test_create_manual_invoice_invalid_date" time="0.039"><skipped type="pytest.skip" message="Authentication failed: 404 - {&quot;detail&quot;:&quot;Not Found&quot;}">/app/backend/tests/test_manual_invoices.py:93: Authentication failed: 404 - {"detail":"Not Found"}</skipped></testcase><testcase classname="backend.tests.test_manual_invoices.TestManualInvoices" name="test_create_manual_invoice_nonexistent_project" time="0.045"><skipped type="pytest.skip" message="Authentication failed: 404 - {&quot;detail&quot;:&quot;Not Found&quot;}">/app/backend/tests/test_manual_invoices.py:110: Authentication failed: 404 - {"detail":"Not Found"}</skipped></testcase><testcase classname="backend.tests.test_manual_invoices.TestManualInvoices" name="test_get_manual_invoice_entries" time="0.040"><skipped type="pytest.skip" message="Authentication failed: 404 - {&quot;detail&quot;:&quot;Not Found&quot;}">/app/backend/tests/test_manual_invoices.py:127: Authentication failed: 404 - {"detail":"Not Found"}</skipped></testcase><testcase classname="backend.tests.test_manual_invoices.TestManualInvoices" name="test_delete_manual_invoice_entry" time="0.043"><skipped type="pytest.skip" message="Authentication failed: 404 - {&quot;detail&quot;:&quot;Not Found&quot;}">/app/backend/tests/test_manual_invoices.py:161: Authentication failed: 404 - {"detail":"Not Found"}</skipped></testcase><testcase classname="backend.tests.test_manual_invoices.TestManualInvoices" name="test_delete_nonexistent_entry" time="0.043"><skipped type="pytest.skip" message="Authentication failed: 404 - {&quot;detail&quot;:&quot;Not Found&quot;}">/app/backend/tests/test_manual_invoices.py:198: Authentication failed: 404 - {"detail":"Not Found"}</skipped></testcase><testcase classname="backend.tests.test_manual_invoices.TestManualInvoices" name="test_get_all_manual_invoices" time="0.080"><skipped type="pytest.skip" message="Authentication failed: 404 - {&quot;detail&quot;:&quot;Not Found&quot;}">/app/backend/tests/test_manual_invoices.py:207: Authentication failed: 404 - {"detail":"Not Found"}</skipped></testcase><testcase classname="backend.tests.test_manual_invoices.TestManualInvoices" name="test_existing_manual_invoice_entry" time="0.038"><skipped type="pytest.skip" message="Authentication failed: 404 - {&quot;detail&quot;:&quot;Not Found&quot;}">/app/backend/tests/test_manual_invoices.py:241: Authentication failed: 404 - {"detail":"Not Found"}</skipped></testcase><testcase classname="backend.tests.test_manual_invoices.TestFinancesPageIntegration" name="test_finances_page_uses_manual_invoices" time="0.042"><skipped type="pytest.skip" message="Authentication failed: 404 - {&quot;detail&quot;:&quot;Not Found&quot;}">/app/backend/tests/test_manual_invoices.py:271: Authentication failed: 404 - {"detail":"Not Found"}</skipped></testcase></testsuite></testsuites>