<?xml version="1.0" encoding="utf-8"?><testsuites name="pytest tests"><testsuite name="pytest" errors="0" failures="0" skipped="0" tests="9" time="1.640" timestamp="2026-01-29T12:44:46.052531+00:00" hostname="agent-env-6be1b91a-8f95-4931-8a50-c8c03f36f8ae"><testcase classname="backend.tests.test_profit_and_notifications.TestAuth" name="test_admin_login" time="0.066" /><testcase classname="backend.tests.test_profit_and_notifications.TestProjectProfitCalculation" name="test_get_projects_returns_profit" time="0.081" /><testcase classname="backend.tests.test_profit_and_notifications.TestProjectProfitCalculation" name="test_specific_project_zinio_amy_profit" time="0.041" /><testcase classname="backend.tests.test_profit_and_notifications.TestProjectProfitCalculation" name="test_get_single_project_has_profit" time="0.089" /><testcase classname="backend.tests.test_profit_and_notifications.TestLegacyDocumentVisibility" name="test_get_legacy_documents" time="0.126" /><testcase classname="backend.tests.test_profit_and_notifications.TestLegacyDocumentVisibility" name="test_update_legacy_document_visibility" time="0.356" /><testcase classname="backend.tests.test_profit_and_notifications.TestWorkSlipVisibility" name="test_get_work_slips" time="0.193" /><testcase classname="backend.tests.test_profit_and_notifications.TestWorkSlipVisibility" name="test_toggle_work_slip_visibility" time="0.404" /><testcase classname="backend.tests.test_profit_and_notifications.TestEmailNotificationHelper" name="test_project_has_lead_for_email" time="0.221" /></testsuite></testsuites>