<?xml version="1.0" encoding="utf-8"?><testsuites name="pytest tests"><testsuite name="pytest" errors="0" failures="0" skipped="0" tests="12" time="1.906" timestamp="2026-01-30T08:29:07.914654+00:00" hostname="agent-env-6be1b91a-8f95-4931-8a50-c8c03f36f8ae"><testcase classname="backend.tests.test_material_order_reminders.TestMaterialOrderReminders" name="test_add_material_with_order_reminder_date" time="0.176" /><testcase classname="backend.tests.test_material_order_reminders.TestMaterialOrderReminders" name="test_add_material_without_order_reminder_date" time="0.168" /><testcase classname="backend.tests.test_material_order_reminders.TestMaterialOrderReminders" name="test_add_material_with_past_order_date" time="0.092" /><testcase classname="backend.tests.test_material_order_reminders.TestMaterialOrderReminders" name="test_update_material_mark_as_ordered" time="0.197" /><testcase classname="backend.tests.test_material_order_reminders.TestMaterialOrderReminders" name="test_update_material_unmark_as_ordered" time="0.234" /><testcase classname="backend.tests.test_material_order_reminders.TestMaterialOrderReminders" name="test_update_material_change_order_reminder_date" time="0.141" /><testcase classname="backend.tests.test_material_order_reminders.TestMaterialOrderReminders" name="test_get_material_reminders_returns_due_materials" time="0.174" /><testcase classname="backend.tests.test_material_order_reminders.TestMaterialOrderReminders" name="test_get_material_reminders_excludes_ordered_materials" time="0.162" /><testcase classname="backend.tests.test_material_order_reminders.TestMaterialOrderReminders" name="test_get_material_reminders_excludes_future_dates" time="0.141" /><testcase classname="backend.tests.test_material_order_reminders.TestMaterialOrderReminders" name="test_get_material_reminders_includes_overdue_materials" time="0.184" /><testcase classname="backend.tests.test_material_order_reminders.TestMaterialOrderReminders" name="test_add_material_to_nonexistent_period" time="0.081" /><testcase classname="backend.tests.test_material_order_reminders.TestMaterialOrderReminders" name="test_update_nonexistent_material" time="0.083" /></testsuite></testsuites>