<?xml version="1.0" encoding="utf-8"?><testsuites name="pytest tests"><testsuite name="pytest" errors="0" failures="0" skipped="0" tests="16" time="2.374" timestamp="2026-02-03T06:46:40.457584+00:00" hostname="agent-env-09e9b297-43f1-48d7-af31-a20393cc132c"><testcase classname="tests.test_password_reset_and_user_management.TestUserManagement" name="test_create_worker" time="0.239" /><testcase classname="tests.test_password_reset_and_user_management.TestUserManagement" name="test_get_workers_list" time="0.078" /><testcase classname="tests.test_password_reset_and_user_management.TestUserManagement" name="test_toggle_worker_status" time="0.146" /><testcase classname="tests.test_password_reset_and_user_management.TestUserManagement" name="test_delete_worker" time="0.148" /><testcase classname="tests.test_password_reset_and_user_management.TestUserManagement" name="test_reset_worker_password" time="0.191" /><testcase classname="tests.test_password_reset_and_user_management.TestUserManagement" name="test_reset_worker_password_invalid_worker" time="0.174" /><testcase classname="tests.test_password_reset_and_user_management.TestUserManagement" name="test_reset_worker_password_short_password" time="0.217" /><testcase classname="tests.test_password_reset_and_user_management.TestUserManagement" name="test_create_admin" time="0.181" /><testcase classname="tests.test_password_reset_and_user_management.TestUserManagement" name="test_get_admins_list" time="0.114" /><testcase classname="tests.test_password_reset_and_user_management.TestUserManagement" name="test_delete_admin" time="0.142" /><testcase classname="tests.test_password_reset_and_user_management.TestUserManagement" name="test_reset_admin_password" time="0.199" /><testcase classname="tests.test_password_reset_and_user_management.TestUserManagement" name="test_reset_admin_password_invalid_admin" time="0.126" /><testcase classname="tests.test_password_reset_and_user_management.TestUserManagement" name="test_reset_admin_password_short_password" time="0.182" /><testcase classname="tests.test_password_reset_and_user_management.TestAuthenticationFlow" name="test_admin_login_success" time="0.039" /><testcase classname="tests.test_password_reset_and_user_management.TestAuthenticationFlow" name="test_admin_login_invalid_credentials" time="0.037" /><testcase classname="tests.test_password_reset_and_user_management.TestAuthenticationFlow" name="test_get_current_user" time="0.087" /></testsuite></testsuites>