<?xml version="1.0" encoding="utf-8"?><testsuites name="pytest tests"><testsuite name="pytest" errors="0" failures="9" skipped="1" tests="17" time="2.577" timestamp="2026-02-03T15:06:49.263446+00:00" hostname="agent-env-09e9b297-43f1-48d7-af31-a20393cc132c"><testcase classname="backend.tests.test_property_scraping_and_work_labels.TestAdminAuth" name="test_admin_login" time="0.083" /><testcase classname="backend.tests.test_property_scraping_and_work_labels.TestPropertyScraping" name="test_scrape_endpoint_requires_auth" time="0.041" /><testcase classname="backend.tests.test_property_scraping_and_work_labels.TestPropertyScraping" name="test_scrape_generic_website_admin" time="0.837" /><testcase classname="backend.tests.test_property_scraping_and_work_labels.TestPropertyScraping" name="test_scrape_immoweb_url" time="0.240" /><testcase classname="backend.tests.test_property_scraping_and_work_labels.TestPropertyScraping" name="test_scrape_zimmo_url" time="0.211" /><testcase classname="backend.tests.test_property_scraping_and_work_labels.TestPropertyScraping" name="test_scrape_as_realtor" time="0.145" /><testcase classname="backend.tests.test_property_scraping_and_work_labels.TestPropertyScraping" name="test_scrape_invalid_url" time="0.097" /><testcase classname="backend.tests.test_property_scraping_and_work_labels.TestWorkItemLabels" name="test_get_work_items" time="0.086"><failure message="AssertionError: assert False&#10; +  where False = isinstance({'total': 65, 'work_items': [{'component_label': 'vloer', 'created_at': '2025-12-25T11:12:16.664120+00:00', 'id': 'af6677bf-691a-472f-b970-cb2bf3848914', 'price': 35.0, ...}, {'component_label': 'vloer', 'created_at': '2025-12-25T11:12:16.664186+00:00', 'id': 'b272e874-51b3-4ba6-9173-269d403f7b23', 'price': 95.0, ...}, {'created_at': '2025-12-25T11:12:16.664222+00:00', 'id': '5a618e44-6cf5-41a5-96b0-a441c2d6d162', 'price': 142.0, 'title': 'tegelen: groot formaat/visgraat', ...}, {'component_label': 'vloer', 'created_at': '2025-12-25T11:12:16.664255+00:00', 'id': '704ce7da-aec9-45d1-8c4d-39f867342c23', 'price': 65.0, ...}, {'component_label': 'vloer', 'created_at': '2025-12-25T11:12:16.664286+00:00', 'id': 'be7bafe6-a06c-474d-a41d-8aef5df66c24', 'price': 35.0, ...}, {'created_at': '2025-12-25T11:12:16.664315+00:00', 'id': '4a7bf889-b5b4-4e0f-914b-af1cceb24044', 'price': 68.0, 'title': 'vinyl', ...}, ...]}, list)">backend/tests/test_property_scraping_and_work_labels.py:197: in test_get_work_items
    assert isinstance(work_items, list)
E   AssertionError: assert False
E    +  where False = isinstance({'total': 65, 'work_items': [{'component_label': 'vloer', 'created_at': '2025-12-25T11:12:16.664120+00:00', 'id': 'af6677bf-691a-472f-b970-cb2bf3848914', 'price': 35.0, ...}, {'component_label': 'vloer', 'created_at': '2025-12-25T11:12:16.664186+00:00', 'id': 'b272e874-51b3-4ba6-9173-269d403f7b23', 'price': 95.0, ...}, {'created_at': '2025-12-25T11:12:16.664222+00:00', 'id': '5a618e44-6cf5-41a5-96b0-a441c2d6d162', 'price': 142.0, 'title': 'tegelen: groot formaat/visgraat', ...}, {'component_label': 'vloer', 'created_at': '2025-12-25T11:12:16.664255+00:00', 'id': '704ce7da-aec9-45d1-8c4d-39f867342c23', 'price': 65.0, ...}, {'component_label': 'vloer', 'created_at': '2025-12-25T11:12:16.664286+00:00', 'id': 'be7bafe6-a06c-474d-a41d-8aef5df66c24', 'price': 35.0, ...}, {'created_at': '2025-12-25T11:12:16.664315+00:00', 'id': '4a7bf889-b5b4-4e0f-914b-af1cceb24044', 'price': 68.0, 'title': 'vinyl', ...}, ...]}, list)</failure></testcase><testcase classname="backend.tests.test_property_scraping_and_work_labels.TestWorkItemLabels" name="test_create_work_item_for_label_test" time="0.082"><failure message="AssertionError: Create work item failed: {&quot;detail&quot;:[{&quot;type&quot;:&quot;missing&quot;,&quot;loc&quot;:[&quot;query&quot;,&quot;title&quot;],&quot;msg&quot;:&quot;Field required&quot;,&quot;input&quot;:null,&quot;url&quot;:&quot;https://errors.pydantic.dev/2.12/v/missing&quot;},{&quot;type&quot;:&quot;missing&quot;,&quot;loc&quot;:[&quot;query&quot;,&quot;unit&quot;],&quot;msg&quot;:&quot;Field required&quot;,&quot;input&quot;:null,&quot;url&quot;:&quot;https://errors.pydantic.dev/2.12/v/missing&quot;},{&quot;type&quot;:&quot;missing&quot;,&quot;loc&quot;:[&quot;query&quot;,&quot;price&quot;],&quot;msg&quot;:&quot;Field required&quot;,&quot;input&quot;:null,&quot;url&quot;:&quot;https://errors.pydantic.dev/2.12/v/missing&quot;}]}&#10;assert 422 in [200, 201]&#10; +  where 422 = &lt;Response [422]&gt;.status_code">backend/tests/test_property_scraping_and_work_labels.py:224: in test_create_work_item_for_label_test
    assert response.status_code in [200, 201], f"Create work item failed: {response.text}"
E   AssertionError: Create work item failed: {"detail":[{"type":"missing","loc":["query","title"],"msg":"Field required","input":null,"url":"https://errors.pydantic.dev/2.12/v/missing"},{"type":"missing","loc":["query","unit"],"msg":"Field required","input":null,"url":"https://errors.pydantic.dev/2.12/v/missing"},{"type":"missing","loc":["query","price"],"msg":"Field required","input":null,"url":"https://errors.pydantic.dev/2.12/v/missing"}]}
E   assert 422 in [200, 201]
E    +  where 422 = &lt;Response [422]&gt;.status_code</failure></testcase><testcase classname="backend.tests.test_property_scraping_and_work_labels.TestWorkItemLabels" name="test_update_work_item_label_vloer" time="0.075"><failure message="KeyError: 0">backend/tests/test_property_scraping_and_work_labels.py:243: in test_update_work_item_label_vloer
    work_item_id = work_items[0]["id"]
                   ^^^^^^^^^^^^^
E   KeyError: 0</failure></testcase><testcase classname="backend.tests.test_property_scraping_and_work_labels.TestWorkItemLabels" name="test_update_work_item_label_muur" time="0.078"><failure message="KeyError: 1">backend/tests/test_property_scraping_and_work_labels.py:268: in test_update_work_item_label_muur
    work_item_id = work_items[1]["id"]
                   ^^^^^^^^^^^^^
E   KeyError: 1</failure></testcase><testcase classname="backend.tests.test_property_scraping_and_work_labels.TestWorkItemLabels" name="test_update_work_item_label_plafond" time="0.077"><skipped type="pytest.skip" message="Need at least 3 work items">/app/backend/tests/test_property_scraping_and_work_labels.py:291: Need at least 3 work items</skipped></testcase><testcase classname="backend.tests.test_property_scraping_and_work_labels.TestWorkItemLabels" name="test_update_work_item_invalid_label" time="0.079"><failure message="KeyError: 0">backend/tests/test_property_scraping_and_work_labels.py:314: in test_update_work_item_invalid_label
    work_item_id = work_items[0]["id"]
                   ^^^^^^^^^^^^^
E   KeyError: 0</failure></testcase><testcase classname="backend.tests.test_property_scraping_and_work_labels.TestWorkItemLabels" name="test_realtor_cannot_update_labels" time="0.080"><failure message="KeyError: 0">backend/tests/test_property_scraping_and_work_labels.py:340: in test_realtor_cannot_update_labels
    work_item_id = work_items[0]["id"]
                   ^^^^^^^^^^^^^
E   KeyError: 0</failure></testcase><testcase classname="backend.tests.test_property_scraping_and_work_labels.TestWorkItemLabels" name="test_all_valid_labels" time="0.077"><failure message="KeyError: 0">backend/tests/test_property_scraping_and_work_labels.py:363: in test_all_valid_labels
    work_item_id = work_items[0]["id"]
                   ^^^^^^^^^^^^^
E   KeyError: 0</failure></testcase><testcase classname="backend.tests.test_property_scraping_and_work_labels.TestWorkItemsStats" name="test_work_items_have_label_field" time="0.081"><failure message="AttributeError: 'str' object has no attribute 'get'">backend/tests/test_property_scraping_and_work_labels.py:401: in test_work_items_have_label_field
    if item.get("component_label"):
       ^^^^^^^^
E   AttributeError: 'str' object has no attribute 'get'</failure></testcase><testcase classname="backend.tests.test_property_scraping_and_work_labels.TestCleanup" name="test_cleanup_test_work_items" time="0.077"><failure message="AttributeError: 'str' object has no attribute 'get'">backend/tests/test_property_scraping_and_work_labels.py:435: in test_cleanup_test_work_items
    if item.get("title", "").startswith("TEST_"):
       ^^^^^^^^
E   AttributeError: 'str' object has no attribute 'get'</failure></testcase></testsuite></testsuites>