<?xml version="1.0" encoding="utf-8"?><testsuites name="pytest tests"><testsuite name="pytest" errors="1" failures="1" skipped="0" tests="20" time="1.860" timestamp="2026-02-03T14:13:28.636703+00:00" hostname="agent-env-09e9b297-43f1-48d7-af31-a20393cc132c"><testcase classname="backend.tests.test_multi_tenant_platform.TestAdminLogin" name="test_admin_login_success" time="0.072" /><testcase classname="backend.tests.test_multi_tenant_platform.TestRealtorManagement" name="test_create_realtor" time="0.134" /><testcase classname="backend.tests.test_multi_tenant_platform.TestRealtorManagement" name="test_get_realtors" time="0.080" /><testcase classname="backend.tests.test_multi_tenant_platform.TestInvestorManagement" name="test_create_investor" time="0.089" /><testcase classname="backend.tests.test_multi_tenant_platform.TestInvestorManagement" name="test_get_investors" time="0.080" /><testcase classname="backend.tests.test_multi_tenant_platform.TestSubcontractorManagement" name="test_create_subcontractor" time="0.079" /><testcase classname="backend.tests.test_multi_tenant_platform.TestSubcontractorManagement" name="test_get_subcontractors" time="0.076" /><testcase classname="backend.tests.test_multi_tenant_platform.TestTenantLogin" name="test_realtor_login_success" time="0.042" /><testcase classname="backend.tests.test_multi_tenant_platform.TestTenantLogin" name="test_realtor_login_invalid_credentials" time="0.036" /><testcase classname="backend.tests.test_multi_tenant_platform.TestPropertyManagement" name="test_realtor_create_property" time="0.077" /><testcase classname="backend.tests.test_multi_tenant_platform.TestPropertyManagement" name="test_realtor_get_own_properties" time="0.076" /><testcase classname="backend.tests.test_multi_tenant_platform.TestPropertyManagement" name="test_admin_can_see_all_properties" time="0.077" /><testcase classname="backend.tests.test_multi_tenant_platform.TestPropertyRooms" name="test_add_room_to_property" time="0.121"><error message="failed on setup with &quot;assert 403 == 200&#10; +  where 403 = &lt;Response [403]&gt;.status_code&quot;">backend/tests/test_multi_tenant_platform.py:328: in test_property
    assert response.status_code == 200
E   assert 403 == 200
E    +  where 403 = &lt;Response [403]&gt;.status_code</error></testcase><testcase classname="backend.tests.test_multi_tenant_platform.TestRenovationCalculator" name="test_get_existing_calculation" time="0.119" /><testcase classname="backend.tests.test_multi_tenant_platform.TestRenovationCalculator" name="test_calculate_renovation_requires_rooms" time="0.085"><failure message="assert 403 == 200&#10; +  where 403 = &lt;Response [403]&gt;.status_code">backend/tests/test_multi_tenant_platform.py:438: in test_calculate_renovation_requires_rooms
    assert create_response.status_code == 200
E   assert 403 == 200
E    +  where 403 = &lt;Response [403]&gt;.status_code</failure></testcase><testcase classname="backend.tests.test_multi_tenant_platform.TestWorkItemLabels" name="test_get_work_items" time="0.075" /><testcase classname="backend.tests.test_multi_tenant_platform.TestWorkItemLabels" name="test_update_work_item_label_invalid" time="0.119" /><testcase classname="backend.tests.test_multi_tenant_platform.TestTenantIsolation" name="test_realtor_cannot_access_admin_endpoints" time="0.075" /><testcase classname="backend.tests.test_multi_tenant_platform.TestTenantIsolation" name="test_realtor_only_sees_own_properties" time="0.124" /><testcase classname="backend.tests.test_multi_tenant_platform.TestCleanup" name="test_cleanup_test_properties" time="0.116" /></testsuite></testsuites>