<?xml version="1.0" encoding="utf-8"?><testsuites name="pytest tests"><testsuite name="pytest" errors="0" failures="0" skipped="0" tests="19" time="3.824" timestamp="2026-03-19T15:05:25.170390+00:00" hostname="agent-env-a0940195-3d54-4ec8-9594-3c636c63528f"><testcase classname="tests.test_pwa_push_notifications.TestPWAManifestAndServiceWorker" name="test_manifest_json_served" time="0.195" /><testcase classname="tests.test_pwa_push_notifications.TestPWAManifestAndServiceWorker" name="test_manifest_has_icons" time="0.120" /><testcase classname="tests.test_pwa_push_notifications.TestPWAManifestAndServiceWorker" name="test_icon_192_exists" time="0.109" /><testcase classname="tests.test_pwa_push_notifications.TestPWAManifestAndServiceWorker" name="test_icon_512_exists" time="0.110" /><testcase classname="tests.test_pwa_push_notifications.TestPWAManifestAndServiceWorker" name="test_service_worker_served" time="0.136" /><testcase classname="tests.test_pwa_push_notifications.TestVAPIDKey" name="test_vapid_key_endpoint" time="0.146" /><testcase classname="tests.test_pwa_push_notifications.TestPushSubscription" name="test_push_subscribe_requires_auth" time="0.149" /><testcase classname="tests.test_pwa_push_notifications.TestPushSubscription" name="test_push_subscribe_admin" time="0.289" /><testcase classname="tests.test_pwa_push_notifications.TestPushSubscription" name="test_push_subscribe_worker" time="0.250" /><testcase classname="tests.test_pwa_push_notifications.TestPushTest" name="test_push_test_admin_only" time="0.286" /><testcase classname="tests.test_pwa_push_notifications.TestPushTest" name="test_push_test_triggers_send" time="0.230" /><testcase classname="tests.test_pwa_push_notifications.TestNotificationTriggers" name="test_material_order_triggers_push" time="0.363" /><testcase classname="tests.test_pwa_push_notifications.TestNotificationTriggers" name="test_new_lead_triggers_push" time="0.372" /><testcase classname="tests.test_pwa_push_notifications.TestNotificationTriggers" name="test_project_note_triggers_push" time="0.381" /><testcase classname="tests.test_pwa_push_notifications.TestIndexHTMLMetaTags" name="test_index_loads" time="0.119" /><testcase classname="tests.test_pwa_push_notifications.TestIndexHTMLMetaTags" name="test_manifest_link_present" time="0.132" /><testcase classname="tests.test_pwa_push_notifications.TestIndexHTMLMetaTags" name="test_apple_touch_icon_present" time="0.093" /><testcase classname="tests.test_pwa_push_notifications.TestIndexHTMLMetaTags" name="test_theme_color_meta_tag" time="0.099" /><testcase classname="tests.test_pwa_push_notifications.TestIndexHTMLMetaTags" name="test_apple_mobile_web_app_capable" time="0.155" /></testsuite></testsuites>