<?xml version="1.0" encoding="utf-8"?><testsuites name="pytest tests"><testsuite name="pytest" errors="0" failures="0" skipped="0" tests="16" time="72.250" timestamp="2026-04-15T10:54:20.049915+00:00" hostname="agent-env-c14ee2f5-a5c6-4822-bc24-4535bf866bbe"><testcase classname="backend.tests.test_auth_photo_bugs.TestAuthLogin" name="test_login_success_with_correct_credentials" time="0.128" /><testcase classname="backend.tests.test_auth_photo_bugs.TestAuthLogin" name="test_login_multiple_times_reliability" time="0.317" /><testcase classname="backend.tests.test_auth_photo_bugs.TestAuthLogin" name="test_login_case_insensitive_username" time="0.353" /><testcase classname="backend.tests.test_auth_photo_bugs.TestAuthLogin" name="test_login_invalid_credentials_rejected" time="0.118" /><testcase classname="backend.tests.test_auth_photo_bugs.TestDataLoadingAfterLogin" name="test_get_projects_with_token" time="0.233" /><testcase classname="backend.tests.test_auth_photo_bugs.TestDataLoadingAfterLogin" name="test_get_dashboard_stats_with_token" time="0.227" /><testcase classname="backend.tests.test_auth_photo_bugs.TestDataLoadingAfterLogin" name="test_get_specific_project" time="0.193" /><testcase classname="backend.tests.test_auth_photo_bugs.TestDataLoadingAfterLogin" name="test_authorization_header_preferred_over_cookie" time="0.219" /><testcase classname="backend.tests.test_auth_photo_bugs.TestPhotoUploadAndServing" name="test_upload_photo_to_project" time="0.214" /><testcase classname="backend.tests.test_auth_photo_bugs.TestPhotoUploadAndServing" name="test_serve_uploaded_photo" time="0.334" /><testcase classname="backend.tests.test_auth_photo_bugs.TestPhotoUploadAndServing" name="test_photo_accessible_without_auth" time="0.312" /><testcase classname="backend.tests.test_auth_photo_bugs.TestPhotoUploadAndServing" name="test_project_response_no_base64_data" time="0.210" /><testcase classname="backend.tests.test_auth_photo_bugs.TestCustomerPortal" name="test_get_project_with_customer_token" time="0.344" /><testcase classname="backend.tests.test_auth_photo_bugs.TestCustomerPortal" name="test_customer_portal_invalid_token" time="0.113" /><testcase classname="backend.tests.test_auth_photo_bugs.TestProjectStatusTabs" name="test_projects_have_status_field" time="0.220" /><testcase classname="backend.tests.test_auth_photo_bugs.TestProjectStatusTabs" name="test_projects_count_by_status" time="68.642" /></testsuite></testsuites>