<?xml version="1.0" encoding="utf-8"?><testsuites name="pytest tests"><testsuite name="pytest" errors="0" failures="0" skipped="1" tests="17" time="3.673" timestamp="2026-02-03T15:09:12.984553+00:00" hostname="agent-env-09e9b297-43f1-48d7-af31-a20393cc132c"><testcase classname="backend.tests.test_property_scraping_and_work_labels.TestAdminAuth" name="test_admin_login" time="0.091" /><testcase classname="backend.tests.test_property_scraping_and_work_labels.TestPropertyScraping" name="test_scrape_endpoint_requires_auth" time="0.040" /><testcase classname="backend.tests.test_property_scraping_and_work_labels.TestPropertyScraping" name="test_scrape_generic_website_admin" time="1.068" /><testcase classname="backend.tests.test_property_scraping_and_work_labels.TestPropertyScraping" name="test_scrape_immoweb_url" time="0.376" /><testcase classname="backend.tests.test_property_scraping_and_work_labels.TestPropertyScraping" name="test_scrape_zimmo_url" time="0.245" /><testcase classname="backend.tests.test_property_scraping_and_work_labels.TestPropertyScraping" name="test_scrape_as_realtor" time="0.152" /><testcase classname="backend.tests.test_property_scraping_and_work_labels.TestPropertyScraping" name="test_scrape_invalid_url" time="0.108" /><testcase classname="backend.tests.test_property_scraping_and_work_labels.TestWorkItemLabels" name="test_get_work_items" time="0.078" /><testcase classname="backend.tests.test_property_scraping_and_work_labels.TestWorkItemLabels" name="test_create_work_item_for_label_test" time="0.083" /><testcase classname="backend.tests.test_property_scraping_and_work_labels.TestWorkItemLabels" name="test_update_work_item_label_vloer" time="0.157" /><testcase classname="backend.tests.test_property_scraping_and_work_labels.TestWorkItemLabels" name="test_update_work_item_label_muur" time="0.160" /><testcase classname="backend.tests.test_property_scraping_and_work_labels.TestWorkItemLabels" name="test_update_work_item_label_plafond" time="0.125" /><testcase classname="backend.tests.test_property_scraping_and_work_labels.TestWorkItemLabels" name="test_update_work_item_invalid_label" time="0.155" /><testcase classname="backend.tests.test_property_scraping_and_work_labels.TestWorkItemLabels" name="test_realtor_cannot_update_labels" time="0.079"><skipped type="pytest.skip" message="No work items to test with">/app/backend/tests/test_property_scraping_and_work_labels.py:369: No work items to test with</skipped></testcase><testcase classname="backend.tests.test_property_scraping_and_work_labels.TestWorkItemLabels" name="test_all_valid_labels" time="0.479" /><testcase classname="backend.tests.test_property_scraping_and_work_labels.TestWorkItemsStats" name="test_work_items_have_label_field" time="0.080" /><testcase classname="backend.tests.test_property_scraping_and_work_labels.TestCleanup" name="test_cleanup_test_work_items" time="0.118" /></testsuite></testsuites>