<?xml version="1.0" encoding="utf-8"?><testsuites name="pytest tests"><testsuite name="pytest" errors="0" failures="0" skipped="0" tests="14" time="7.903" timestamp="2026-03-18T09:10:04.486652+00:00" hostname="agent-env-597f9f82-3f80-4f9d-a1e6-b62b6842288d"><testcase classname="backend.tests.test_room_management.TestAuthentication" name="test_tenant_login_realtor" time="0.322" /><testcase classname="backend.tests.test_room_management.TestAddSingleRoom" name="test_add_room_success" time="0.399" /><testcase classname="backend.tests.test_room_management.TestAddSingleRoom" name="test_add_room_with_default_height" time="0.373" /><testcase classname="backend.tests.test_room_management.TestAddSingleRoom" name="test_add_room_all_types" time="1.466" /><testcase classname="backend.tests.test_room_management.TestAddSingleRoom" name="test_add_room_missing_required_fields" time="0.239" /><testcase classname="backend.tests.test_room_management.TestAddSingleRoom" name="test_add_room_unauthorized" time="0.224" /><testcase classname="backend.tests.test_room_management.TestDeleteRoom" name="test_delete_room_success" time="0.455" /><testcase classname="backend.tests.test_room_management.TestDeleteRoom" name="test_delete_room_not_found" time="0.226" /><testcase classname="backend.tests.test_room_management.TestBulkAddRooms" name="test_bulk_add_rooms_success" time="0.891" /><testcase classname="backend.tests.test_room_management.TestBulkAddRooms" name="test_bulk_add_empty_list" time="0.227" /><testcase classname="backend.tests.test_room_management.TestFloorPlanUpload" name="test_floor_plan_upload_success" time="2.041" /><testcase classname="backend.tests.test_room_management.TestFloorPlanUpload" name="test_floor_plan_upload_unauthorized" time="0.207" /><testcase classname="backend.tests.test_room_management.TestRoomAreaCalculation" name="test_room_area_calculated" time="0.428" /><testcase classname="backend.tests.test_room_management.TestPropertyAccess" name="test_add_room_to_nonexistent_property" time="0.334" /></testsuite></testsuites>