<?xml version="1.0" encoding="utf-8"?><testsuites name="pytest tests"><testsuite name="pytest" errors="0" failures="0" skipped="0" tests="10" time="0.824" timestamp="2026-01-30T17:12:50.094621+00:00" hostname="agent-env-6be1b91a-8f95-4931-8a50-c8c03f36f8ae"><testcase classname="backend.tests.test_photo_serving.TestPhotoServingEndpoints" name="test_first_visit_photo_endpoint_returns_200" time="0.095" /><testcase classname="backend.tests.test_photo_serving.TestPhotoServingEndpoints" name="test_design_file_uploads_route_returns_200" time="0.050" /><testcase classname="backend.tests.test_photo_serving.TestPhotoServingEndpoints" name="test_design_file_static_route_returns_200" time="0.046" /><testcase classname="backend.tests.test_photo_serving.TestPhotoServingEndpoints" name="test_invalid_file_type_returns_404" time="0.043" /><testcase classname="backend.tests.test_photo_serving.TestPhotoServingEndpoints" name="test_nonexistent_file_returns_404" time="0.051" /><testcase classname="backend.tests.test_photo_serving.TestPhotoServingEndpoints" name="test_nonexistent_project_returns_404" time="0.040" /><testcase classname="backend.tests.test_photo_serving.TestProjectPhotoData" name="test_project_has_first_visit_photos" time="0.079" /><testcase classname="backend.tests.test_photo_serving.TestProjectPhotoData" name="test_project_has_design_files" time="0.057" /><testcase classname="backend.tests.test_photo_serving.TestProjectPhotoData" name="test_photo_urls_are_accessible" time="0.107" /><testcase classname="backend.tests.test_photo_serving.TestCustomerPortalPhotos" name="test_customer_portal_returns_photos" time="0.177" /></testsuite></testsuites>