<?xml version="1.0" encoding="utf-8"?><testsuites name="pytest tests"><testsuite name="pytest" errors="0" failures="0" skipped="0" tests="6" time="20.704" timestamp="2026-06-03T13:54:24.462034+00:00" hostname="agent-env-bba643dd-cf13-47b1-9cac-c0f7d684ce53"><testcase classname="backend.tests.test_ai_material_profiles_and_sell_price.TestAIMaterialProfile" name="test_fill_mode_skips_when_profile_exists" time="0.453" /><testcase classname="backend.tests.test_ai_material_profiles_and_sell_price.TestAIMaterialProfile" name="test_replace_mode_generates_profile" time="19.542" /><testcase classname="backend.tests.test_ai_material_profiles_and_sell_price.TestAIMaterialProfile" name="test_404_for_unknown_werkpost" time="0.060" /><testcase classname="backend.tests.test_ai_material_profiles_and_sell_price.TestMateriaalSellPrice" name="test_create_with_sell_price" time="0.109" /><testcase classname="backend.tests.test_ai_material_profiles_and_sell_price.TestMateriaalSellPrice" name="test_get_returns_sell_price" time="0.164" /><testcase classname="backend.tests.test_ai_material_profiles_and_sell_price.TestMateriaalSellPrice" name="test_update_sell_price" time="0.316" /></testsuite></testsuites>