<?xml version="1.0" encoding="utf-8"?><testsuites name="pytest tests"><testsuite name="pytest" errors="0" failures="0" skipped="0" tests="16" time="1.281" timestamp="2026-05-30T09:27:09.085756+00:00" hostname="agent-env-bba643dd-cf13-47b1-9cac-c0f7d684ce53"><testcase classname="backend.tests.test_werkposten.TestListAndCategories" name="test_list_werkposten" time="0.304" /><testcase classname="backend.tests.test_werkposten.TestListAndCategories" name="test_list_with_filters" time="0.048" /><testcase classname="backend.tests.test_werkposten.TestListAndCategories" name="test_categories_endpoint" time="0.048" /><testcase classname="backend.tests.test_werkposten.TestCreate" name="test_create_with_known_category_auto_discipline_order" time="0.048" /><testcase classname="backend.tests.test_werkposten.TestCreate" name="test_create_persists_via_get" time="0.048" /><testcase classname="backend.tests.test_werkposten.TestUpdatePriceHistory" name="test_update_price_logs_history" time="0.047" /><testcase classname="backend.tests.test_werkposten.TestUpdatePriceHistory" name="test_history_endpoint" time="0.048" /><testcase classname="backend.tests.test_werkposten.TestUpdatePriceHistory" name="test_update_non_price_field" time="0.047" /><testcase classname="backend.tests.test_werkposten.TestDuplicate" name="test_duplicate_creates_copy_with_kopie_suffix" time="0.046" /><testcase classname="backend.tests.test_werkposten.TestDelete" name="test_soft_delete_deactivates" time="0.092" /><testcase classname="backend.tests.test_werkposten.TestDelete" name="test_default_list_excludes_inactive" time="0.050" /><testcase classname="backend.tests.test_werkposten.TestDelete" name="test_include_inactive_returns_it" time="0.054" /><testcase classname="backend.tests.test_werkposten.TestDelete" name="test_hard_delete_removes" time="0.183" /><testcase classname="backend.tests.test_werkposten.TestErrors" name="test_get_nonexistent" time="0.055" /><testcase classname="backend.tests.test_werkposten.TestErrors" name="test_update_nonexistent" time="0.046" /><testcase classname="backend.tests.test_werkposten.TestErrors" name="test_duplicate_nonexistent" time="0.048" /></testsuite></testsuites>