<?xml version="1.0" encoding="utf-8"?><testsuites name="pytest tests"><testsuite name="pytest" errors="0" failures="0" skipped="0" tests="12" time="3.259" timestamp="2026-04-11T08:18:54.422904+00:00" hostname="agent-env-1a15ad26-9440-4c29-b8d2-5a666a42b518"><testcase classname="backend.tests.test_before_after_feature.TestBeforeAfterFeature" name="test_create_project_for_before_after" time="0.345" /><testcase classname="backend.tests.test_before_after_feature.TestBeforeAfterFeature" name="test_update_project_with_before_after_images" time="0.428" /><testcase classname="backend.tests.test_before_after_feature.TestBeforeAfterFeature" name="test_get_project_returns_before_after_images" time="0.640" /><testcase classname="backend.tests.test_before_after_feature.TestBeforeAfterFeature" name="test_project_model_has_before_after_images_field" time="0.213" /><testcase classname="backend.tests.test_before_after_feature.TestContactFormAndLeads" name="test_contact_form_creates_lead" time="0.253" /><testcase classname="backend.tests.test_before_after_feature.TestContactFormAndLeads" name="test_leads_api_returns_all_leads" time="0.100" /><testcase classname="backend.tests.test_before_after_feature.TestContactFormAndLeads" name="test_lead_delete" time="0.358" /><testcase classname="backend.tests.test_before_after_feature.TestBedanktPage" name="test_bedankt_page_accessible" time="0.139" /><testcase classname="backend.tests.test_before_after_feature.TestGoogleAdsTag" name="test_google_ads_tag_in_html" time="0.098" /><testcase classname="backend.tests.test_before_after_feature.TestProjectsAPI" name="test_get_all_projects" time="0.108" /><testcase classname="backend.tests.test_before_after_feature.TestProjectsAPI" name="test_get_single_project" time="0.196" /><testcase classname="backend.tests.test_before_after_feature.TestProjectsAPI" name="test_get_nonexistent_project" time="0.313" /></testsuite></testsuites>