<?xml version="1.0" encoding="utf-8"?><testsuites name="pytest tests"><testsuite name="pytest" errors="0" failures="0" skipped="0" tests="17" time="4.273" timestamp="2026-06-03T13:07:26.106002+00:00" hostname="agent-env-bba643dd-cf13-47b1-9cac-c0f7d684ce53"><testcase classname="backend.tests.test_materiaal_lijst.TestMateriaalBibliotheek" name="test_create_material" time="0.400" /><testcase classname="backend.tests.test_materiaal_lijst.TestMateriaalBibliotheek" name="test_list_with_search" time="0.107" /><testcase classname="backend.tests.test_materiaal_lijst.TestMateriaalBibliotheek" name="test_list_by_category" time="0.174" /><testcase classname="backend.tests.test_materiaal_lijst.TestMateriaalBibliotheek" name="test_get_single" time="0.154" /><testcase classname="backend.tests.test_materiaal_lijst.TestMateriaalBibliotheek" name="test_categories_endpoint" time="0.129" /><testcase classname="backend.tests.test_materiaal_lijst.TestMateriaalBibliotheek" name="test_update_logs_price_history" time="0.113" /><testcase classname="backend.tests.test_materiaal_lijst.TestMateriaalBibliotheek" name="test_learn_price_updates_existing" time="0.305" /><testcase classname="backend.tests.test_materiaal_lijst.TestMateriaalBibliotheek" name="test_learn_price_creates_new" time="0.153" /><testcase classname="backend.tests.test_materiaal_lijst.TestMateriaallijst" name="test_create_werkpost_with_profile" time="0.235" /><testcase classname="backend.tests.test_materiaal_lijst.TestMateriaallijst" name="test_create_quote_with_werkpost_line" time="0.175" /><testcase classname="backend.tests.test_materiaal_lijst.TestMateriaallijst" name="test_generate_materiaallijst" time="0.616" /><testcase classname="backend.tests.test_materiaal_lijst.TestMateriaallijst" name="test_get_materiaallijst_grouped" time="0.152" /><testcase classname="backend.tests.test_materiaal_lijst.TestMateriaallijst" name="test_add_manual_line" time="0.128" /><testcase classname="backend.tests.test_materiaal_lijst.TestMateriaallijst" name="test_update_line_qty_and_status_geleverd" time="0.110" /><testcase classname="backend.tests.test_materiaal_lijst.TestMateriaallijst" name="test_order_creates_material_request" time="0.261" /><testcase classname="backend.tests.test_materiaal_lijst.TestMateriaallijst" name="test_regenerate_skips_locked" time="0.202" /><testcase classname="backend.tests.test_materiaal_lijst.TestZCleanup" name="test_cleanup" time="0.779" /></testsuite></testsuites>