<?xml version="1.0" encoding="utf-8"?><testsuites name="pytest tests"><testsuite name="pytest" errors="0" failures="0" skipped="0" tests="15" time="5.698" timestamp="2026-04-22T06:46:49.628776+00:00" hostname="agent-env-c14ee2f5-a5c6-4822-bc24-4535bf866bbe"><testcase classname="backend.tests.test_team_tasks.TestTeamTaskSystem" name="test_admin_login" time="0.456" /><testcase classname="backend.tests.test_team_tasks.TestTeamTaskSystem" name="test_get_team_tasks" time="0.227" /><testcase classname="backend.tests.test_team_tasks.TestTeamTaskSystem" name="test_get_unassigned_tasks" time="0.214" /><testcase classname="backend.tests.test_team_tasks.TestTeamTaskSystem" name="test_get_my_tasks" time="0.220" /><testcase classname="backend.tests.test_team_tasks.TestTeamTaskSystem" name="test_get_team_members" time="0.210" /><testcase classname="backend.tests.test_team_tasks.TestTeamTaskSystem" name="test_create_task_minimal" time="0.260" /><testcase classname="backend.tests.test_team_tasks.TestTeamTaskSystem" name="test_create_task_with_all_fields" time="0.252" /><testcase classname="backend.tests.test_team_tasks.TestTeamTaskSystem" name="test_create_task_all_types" time="0.907" /><testcase classname="backend.tests.test_team_tasks.TestTeamTaskSystem" name="test_assign_task" time="0.579" /><testcase classname="backend.tests.test_team_tasks.TestTeamTaskSystem" name="test_assign_task_missing_assignee" time="0.406" /><testcase classname="backend.tests.test_team_tasks.TestTeamTaskSystem" name="test_complete_task" time="0.584" /><testcase classname="backend.tests.test_team_tasks.TestTeamTaskSystem" name="test_complete_nonexistent_task" time="0.204" /><testcase classname="backend.tests.test_team_tasks.TestTeamTaskSystem" name="test_delete_task" time="0.343" /><testcase classname="backend.tests.test_team_tasks.TestTeamTaskSystem" name="test_delete_nonexistent_task" time="0.198" /><testcase classname="backend.tests.test_team_tasks.TestTeamTaskSystem" name="test_completed_tasks_not_in_unassigned" time="0.557" /></testsuite></testsuites>