<?xml version="1.0" encoding="utf-8"?><testsuites name="pytest tests"><testsuite name="pytest" errors="0" failures="0" skipped="0" tests="10" time="2.817" timestamp="2026-04-08T06:19:09.317339+00:00" hostname="agent-env-c14ee2f5-a5c6-4822-bc24-4535bf866bbe"><testcase classname="backend.tests.test_project_status_tabs.TestProjectStatusFeatures" name="test_01_admin_login" time="0.193" /><testcase classname="backend.tests.test_project_status_tabs.TestProjectStatusFeatures" name="test_02_get_projects_list" time="0.172" /><testcase classname="backend.tests.test_project_status_tabs.TestProjectStatusFeatures" name="test_03_quick_status_update_valid" time="0.334" /><testcase classname="backend.tests.test_project_status_tabs.TestProjectStatusFeatures" name="test_04_quick_status_update_invalid" time="0.203" /><testcase classname="backend.tests.test_project_status_tabs.TestProjectStatusFeatures" name="test_05_quick_status_update_empty" time="0.202" /><testcase classname="backend.tests.test_project_status_tabs.TestProjectStatusFeatures" name="test_06_quick_status_verkocht_sets_is_sold" time="0.372" /><testcase classname="backend.tests.test_project_status_tabs.TestProjectStatusFeatures" name="test_07_quick_status_nonexistent_project" time="0.156" /><testcase classname="backend.tests.test_project_status_tabs.TestProjectStatusFeatures" name="test_08_all_valid_statuses" time="0.651" /><testcase classname="backend.tests.test_project_status_tabs.TestProjectStatusFeatures" name="test_09_projects_have_status_field" time="0.276" /><testcase classname="backend.tests.test_project_status_tabs.TestProjectStatusFeatures" name="test_10_legacy_status_mapping" time="0.190" /></testsuite></testsuites>