<?xml version="1.0" encoding="utf-8"?><testsuites name="pytest tests"><testsuite name="pytest" errors="12" failures="0" skipped="0" tests="12" time="0.653" timestamp="2026-01-30T08:28:39.691696+00:00" hostname="agent-env-6be1b91a-8f95-4931-8a50-c8c03f36f8ae"><testcase classname="backend.tests.test_material_order_reminders.TestMaterialOrderReminders" name="test_add_material_with_order_reminder_date" time="0.075"><error message="failed on setup with &quot;AssertionError: Login failed: {&quot;detail&quot;:&quot;Not Found&quot;}&#10;assert 404 == 200&#10; +  where 404 = &lt;Response [404]&gt;.status_code&quot;">backend/tests/test_material_order_reminders.py:28: in setup
    assert login_response.status_code == 200, f"Login failed: {login_response.text}"
E   AssertionError: Login failed: {"detail":"Not Found"}
E   assert 404 == 200
E    +  where 404 = &lt;Response [404]&gt;.status_code</error></testcase><testcase classname="backend.tests.test_material_order_reminders.TestMaterialOrderReminders" name="test_add_material_without_order_reminder_date" time="0.045"><error message="failed on setup with &quot;AssertionError: Login failed: {&quot;detail&quot;:&quot;Not Found&quot;}&#10;assert 404 == 200&#10; +  where 404 = &lt;Response [404]&gt;.status_code&quot;">backend/tests/test_material_order_reminders.py:28: in setup
    assert login_response.status_code == 200, f"Login failed: {login_response.text}"
E   AssertionError: Login failed: {"detail":"Not Found"}
E   assert 404 == 200
E    +  where 404 = &lt;Response [404]&gt;.status_code</error></testcase><testcase classname="backend.tests.test_material_order_reminders.TestMaterialOrderReminders" name="test_add_material_with_past_order_date" time="0.040"><error message="failed on setup with &quot;AssertionError: Login failed: {&quot;detail&quot;:&quot;Not Found&quot;}&#10;assert 404 == 200&#10; +  where 404 = &lt;Response [404]&gt;.status_code&quot;">backend/tests/test_material_order_reminders.py:28: in setup
    assert login_response.status_code == 200, f"Login failed: {login_response.text}"
E   AssertionError: Login failed: {"detail":"Not Found"}
E   assert 404 == 200
E    +  where 404 = &lt;Response [404]&gt;.status_code</error></testcase><testcase classname="backend.tests.test_material_order_reminders.TestMaterialOrderReminders" name="test_update_material_mark_as_ordered" time="0.038"><error message="failed on setup with &quot;AssertionError: Login failed: {&quot;detail&quot;:&quot;Not Found&quot;}&#10;assert 404 == 200&#10; +  where 404 = &lt;Response [404]&gt;.status_code&quot;">backend/tests/test_material_order_reminders.py:28: in setup
    assert login_response.status_code == 200, f"Login failed: {login_response.text}"
E   AssertionError: Login failed: {"detail":"Not Found"}
E   assert 404 == 200
E    +  where 404 = &lt;Response [404]&gt;.status_code</error></testcase><testcase classname="backend.tests.test_material_order_reminders.TestMaterialOrderReminders" name="test_update_material_unmark_as_ordered" time="0.040"><error message="failed on setup with &quot;AssertionError: Login failed: {&quot;detail&quot;:&quot;Not Found&quot;}&#10;assert 404 == 200&#10; +  where 404 = &lt;Response [404]&gt;.status_code&quot;">backend/tests/test_material_order_reminders.py:28: in setup
    assert login_response.status_code == 200, f"Login failed: {login_response.text}"
E   AssertionError: Login failed: {"detail":"Not Found"}
E   assert 404 == 200
E    +  where 404 = &lt;Response [404]&gt;.status_code</error></testcase><testcase classname="backend.tests.test_material_order_reminders.TestMaterialOrderReminders" name="test_update_material_change_order_reminder_date" time="0.035"><error message="failed on setup with &quot;AssertionError: Login failed: {&quot;detail&quot;:&quot;Not Found&quot;}&#10;assert 404 == 200&#10; +  where 404 = &lt;Response [404]&gt;.status_code&quot;">backend/tests/test_material_order_reminders.py:28: in setup
    assert login_response.status_code == 200, f"Login failed: {login_response.text}"
E   AssertionError: Login failed: {"detail":"Not Found"}
E   assert 404 == 200
E    +  where 404 = &lt;Response [404]&gt;.status_code</error></testcase><testcase classname="backend.tests.test_material_order_reminders.TestMaterialOrderReminders" name="test_get_material_reminders_returns_due_materials" time="0.039"><error message="failed on setup with &quot;AssertionError: Login failed: {&quot;detail&quot;:&quot;Not Found&quot;}&#10;assert 404 == 200&#10; +  where 404 = &lt;Response [404]&gt;.status_code&quot;">backend/tests/test_material_order_reminders.py:28: in setup
    assert login_response.status_code == 200, f"Login failed: {login_response.text}"
E   AssertionError: Login failed: {"detail":"Not Found"}
E   assert 404 == 200
E    +  where 404 = &lt;Response [404]&gt;.status_code</error></testcase><testcase classname="backend.tests.test_material_order_reminders.TestMaterialOrderReminders" name="test_get_material_reminders_excludes_ordered_materials" time="0.033"><error message="failed on setup with &quot;AssertionError: Login failed: {&quot;detail&quot;:&quot;Not Found&quot;}&#10;assert 404 == 200&#10; +  where 404 = &lt;Response [404]&gt;.status_code&quot;">backend/tests/test_material_order_reminders.py:28: in setup
    assert login_response.status_code == 200, f"Login failed: {login_response.text}"
E   AssertionError: Login failed: {"detail":"Not Found"}
E   assert 404 == 200
E    +  where 404 = &lt;Response [404]&gt;.status_code</error></testcase><testcase classname="backend.tests.test_material_order_reminders.TestMaterialOrderReminders" name="test_get_material_reminders_excludes_future_dates" time="0.038"><error message="failed on setup with &quot;AssertionError: Login failed: {&quot;detail&quot;:&quot;Not Found&quot;}&#10;assert 404 == 200&#10; +  where 404 = &lt;Response [404]&gt;.status_code&quot;">backend/tests/test_material_order_reminders.py:28: in setup
    assert login_response.status_code == 200, f"Login failed: {login_response.text}"
E   AssertionError: Login failed: {"detail":"Not Found"}
E   assert 404 == 200
E    +  where 404 = &lt;Response [404]&gt;.status_code</error></testcase><testcase classname="backend.tests.test_material_order_reminders.TestMaterialOrderReminders" name="test_get_material_reminders_includes_overdue_materials" time="0.038"><error message="failed on setup with &quot;AssertionError: Login failed: {&quot;detail&quot;:&quot;Not Found&quot;}&#10;assert 404 == 200&#10; +  where 404 = &lt;Response [404]&gt;.status_code&quot;">backend/tests/test_material_order_reminders.py:28: in setup
    assert login_response.status_code == 200, f"Login failed: {login_response.text}"
E   AssertionError: Login failed: {"detail":"Not Found"}
E   assert 404 == 200
E    +  where 404 = &lt;Response [404]&gt;.status_code</error></testcase><testcase classname="backend.tests.test_material_order_reminders.TestMaterialOrderReminders" name="test_add_material_to_nonexistent_period" time="0.035"><error message="failed on setup with &quot;AssertionError: Login failed: {&quot;detail&quot;:&quot;Not Found&quot;}&#10;assert 404 == 200&#10; +  where 404 = &lt;Response [404]&gt;.status_code&quot;">backend/tests/test_material_order_reminders.py:28: in setup
    assert login_response.status_code == 200, f"Login failed: {login_response.text}"
E   AssertionError: Login failed: {"detail":"Not Found"}
E   assert 404 == 200
E    +  where 404 = &lt;Response [404]&gt;.status_code</error></testcase><testcase classname="backend.tests.test_material_order_reminders.TestMaterialOrderReminders" name="test_update_nonexistent_material" time="0.036"><error message="failed on setup with &quot;AssertionError: Login failed: {&quot;detail&quot;:&quot;Not Found&quot;}&#10;assert 404 == 200&#10; +  where 404 = &lt;Response [404]&gt;.status_code&quot;">backend/tests/test_material_order_reminders.py:28: in setup
    assert login_response.status_code == 200, f"Login failed: {login_response.text}"
E   AssertionError: Login failed: {"detail":"Not Found"}
E   assert 404 == 200
E    +  where 404 = &lt;Response [404]&gt;.status_code</error></testcase></testsuite></testsuites>