<?xml version="1.0" encoding="utf-8"?><testsuites name="pytest tests"><testsuite name="pytest" errors="0" failures="0" skipped="0" tests="13" time="2.296" timestamp="2026-03-18T08:54:06.122010+00:00" hostname="agent-env-597f9f82-3f80-4f9d-a1e6-b62b6842288d"><testcase classname="backend.tests.test_renovation_calculator.TestRealtorLogin" name="test_tenant_login_success" time="0.164" /><testcase classname="backend.tests.test_renovation_calculator.TestRealtorLogin" name="test_tenant_login_invalid_credentials" time="0.110" /><testcase classname="backend.tests.test_renovation_calculator.TestPropertyCRUD" name="test_get_existing_property" time="0.130" /><testcase classname="backend.tests.test_renovation_calculator.TestRenovationCalculation" name="test_generate_calculation" time="0.241" /><testcase classname="backend.tests.test_renovation_calculator.TestRenovationCalculation" name="test_get_calculation" time="0.233" /><testcase classname="backend.tests.test_renovation_calculator.TestFloorOptionSwitching" name="test_switch_floor_option" time="0.342" /><testcase classname="backend.tests.test_renovation_calculator.TestWallScenarioSwitching" name="test_switch_wall_scenario_to_egaliseren" time="0.237" /><testcase classname="backend.tests.test_renovation_calculator.TestWallScenarioSwitching" name="test_switch_wall_scenario_to_gyproc" time="0.116" /><testcase classname="backend.tests.test_renovation_calculator.TestWallScenarioSwitching" name="test_switch_wall_scenario_invalid" time="0.104" /><testcase classname="backend.tests.test_renovation_calculator.TestItemToggle" name="test_toggle_item_off" time="0.209" /><testcase classname="backend.tests.test_renovation_calculator.TestItemToggle" name="test_toggle_item_on" time="0.227" /><testcase classname="backend.tests.test_renovation_calculator.TestWorkItemsIntegration" name="test_calculation_uses_db_prices" time="0.111" /><testcase classname="backend.tests.test_renovation_calculator.TestCleanup" name="test_no_cleanup_needed" time="0.000" /></testsuite></testsuites>