<?xml version="1.0" encoding="utf-8"?><testsuites name="pytest tests"><testsuite name="pytest" errors="0" failures="1" skipped="0" tests="20" time="53.748" timestamp="2026-02-03T14:14:38.077721+00:00" hostname="agent-env-09e9b297-43f1-48d7-af31-a20393cc132c"><testcase classname="backend.tests.test_multi_tenant_platform.TestAdminLogin" name="test_admin_login_success" time="0.085" /><testcase classname="backend.tests.test_multi_tenant_platform.TestRealtorManagement" name="test_create_realtor" time="0.131" /><testcase classname="backend.tests.test_multi_tenant_platform.TestRealtorManagement" name="test_get_realtors" time="0.096" /><testcase classname="backend.tests.test_multi_tenant_platform.TestInvestorManagement" name="test_create_investor" time="0.077" /><testcase classname="backend.tests.test_multi_tenant_platform.TestInvestorManagement" name="test_get_investors" time="0.082" /><testcase classname="backend.tests.test_multi_tenant_platform.TestSubcontractorManagement" name="test_create_subcontractor" time="0.077" /><testcase classname="backend.tests.test_multi_tenant_platform.TestSubcontractorManagement" name="test_get_subcontractors" time="0.078" /><testcase classname="backend.tests.test_multi_tenant_platform.TestTenantLogin" name="test_realtor_login_success" time="0.036" /><testcase classname="backend.tests.test_multi_tenant_platform.TestTenantLogin" name="test_realtor_login_invalid_credentials" time="0.036" /><testcase classname="backend.tests.test_multi_tenant_platform.TestPropertyManagement" name="test_realtor_create_property" time="0.082"><failure message="AssertionError: Create property failed: {&quot;detail&quot;:&quot;Pand limiet bereikt. Upgrade naar een hoger abonnement.&quot;}&#10;assert 403 == 200&#10; +  where 403 = &lt;Response [403]&gt;.status_code">backend/tests/test_multi_tenant_platform.py:263: in test_realtor_create_property
    assert response.status_code == 200, f"Create property failed: {response.text}"
E   AssertionError: Create property failed: {"detail":"Pand limiet bereikt. Upgrade naar een hoger abonnement."}
E   assert 403 == 200
E    +  where 403 = &lt;Response [403]&gt;.status_code</failure></testcase><testcase classname="backend.tests.test_multi_tenant_platform.TestPropertyManagement" name="test_realtor_get_own_properties" time="0.081" /><testcase classname="backend.tests.test_multi_tenant_platform.TestPropertyManagement" name="test_admin_can_see_all_properties" time="0.077" /><testcase classname="backend.tests.test_multi_tenant_platform.TestPropertyRooms" name="test_existing_property_has_rooms" time="0.085" /><testcase classname="backend.tests.test_multi_tenant_platform.TestRenovationCalculator" name="test_get_existing_calculation" time="0.121" /><testcase classname="backend.tests.test_multi_tenant_platform.TestRenovationCalculator" name="test_existing_calculation_has_correct_structure" time="0.166" /><testcase classname="backend.tests.test_multi_tenant_platform.TestWorkItemLabels" name="test_get_work_items" time="0.078" /><testcase classname="backend.tests.test_multi_tenant_platform.TestWorkItemLabels" name="test_update_work_item_label_invalid" time="51.976" /><testcase classname="backend.tests.test_multi_tenant_platform.TestTenantIsolation" name="test_realtor_cannot_access_admin_endpoints" time="0.078" /><testcase classname="backend.tests.test_multi_tenant_platform.TestTenantIsolation" name="test_realtor_only_sees_own_properties" time="0.123" /><testcase classname="backend.tests.test_multi_tenant_platform.TestCleanup" name="test_cleanup_test_properties" time="0.078" /></testsuite></testsuites>