<?xml version="1.0" encoding="utf-8"?><testsuites name="pytest tests"><testsuite name="pytest" errors="0" failures="0" skipped="0" tests="12" time="1.382" timestamp="2026-02-02T16:18:24.626988+00:00" hostname="agent-env-6be1b91a-8f95-4931-8a50-c8c03f36f8ae"><testcase classname="backend.tests.test_photo_base64_storage.TestPhotoBase64Storage" name="test_upload_first_visit_photo_returns_correct_url" time="0.104" /><testcase classname="backend.tests.test_photo_base64_storage.TestPhotoBase64Storage" name="test_serve_photo_from_database" time="0.123" /><testcase classname="backend.tests.test_photo_base64_storage.TestPhotoBase64Storage" name="test_photo_stored_with_base64_in_database" time="0.173" /><testcase classname="backend.tests.test_photo_base64_storage.TestPhotoBase64Storage" name="test_upload_design_returns_correct_url" time="0.093" /><testcase classname="backend.tests.test_photo_base64_storage.TestPhotoBase64Storage" name="test_serve_design_from_database" time="0.123" /><testcase classname="backend.tests.test_photo_base64_storage.TestPhotoBase64Storage" name="test_serve_old_photo_from_filesystem" time="0.135" /><testcase classname="backend.tests.test_photo_base64_storage.TestPhotoBase64Storage" name="test_invalid_file_type_returns_404" time="0.075" /><testcase classname="backend.tests.test_photo_base64_storage.TestPhotoBase64Storage" name="test_nonexistent_photo_returns_404" time="0.075" /><testcase classname="backend.tests.test_photo_base64_storage.TestFrontendPhotoUrls" name="test_project_api_returns_photo_urls" time="0.075" /><testcase classname="backend.tests.test_photo_base64_storage.TestFrontendPhotoUrls" name="test_project_api_returns_design_urls" time="0.084" /><testcase classname="backend.tests.test_photo_base64_storage.TestCustomerPortalPhotos" name="test_customer_portal_returns_photos" time="0.113" /><testcase classname="backend.tests.test_photo_base64_storage.TestCustomerPortalPhotos" name="test_customer_portal_returns_designs" time="0.145" /></testsuite></testsuites>