<?xml version="1.0" encoding="utf-8"?><testsuites name="pytest tests"><testsuite name="pytest" errors="0" failures="0" skipped="0" tests="10" time="1.351" timestamp="2026-06-03T13:32:02.493989+00:00" hostname="agent-env-bba643dd-cf13-47b1-9cac-c0f7d684ce53"><testcase classname="backend.tests.test_fase2c_material_profiles.TestSeed" name="test_seed_contains_gyproc_wand_with_rich_profile" time="0.408" /><testcase classname="backend.tests.test_fase2c_material_profiles.TestSeed" name="test_seed_contains_sanitair_werkposten" time="0.000" /><testcase classname="backend.tests.test_fase2c_material_profiles.TestSeed" name="test_seed_materiaal_bibliotheek_contains_seeded_materials" time="0.064" /><testcase classname="backend.tests.test_fase2c_material_profiles.TestWerkpostProfileFields" name="test_create_returns_rich_profile" time="0.127" /><testcase classname="backend.tests.test_fase2c_material_profiles.TestWerkpostProfileFields" name="test_update_profile_persists" time="0.166" /><testcase classname="backend.tests.test_fase2c_material_profiles.TestMateriaallijstGenerate" name="test_generate_returns_expected_shape" time="0.064" /><testcase classname="backend.tests.test_fase2c_material_profiles.TestMateriaallijstGenerate" name="test_get_materiaallijst_has_requirement_calc_reason" time="0.055" /><testcase classname="backend.tests.test_fase2c_material_profiles.TestMateriaallijstGenerate" name="test_round_to_package_math" time="0.000" /><testcase classname="backend.tests.test_fase2c_material_profiles.TestEnableToggle" name="test_disable_line_excludes_from_totals" time="0.401" /><testcase classname="backend.tests.test_fase2c_material_profiles.TestIdempotentSeed" name="test_no_duplicates_for_seeded_names" time="0.000" /></testsuite></testsuites>