<?xml version="1.0" encoding="utf-8"?><testsuites name="pytest tests"><testsuite name="pytest" errors="2" failures="9" skipped="0" tests="11" time="0.637" timestamp="2026-01-30T07:30:56.511741+00:00" hostname="agent-env-6be1b91a-8f95-4931-8a50-c8c03f36f8ae"><testcase classname="backend.tests.test_verkocht_celebrations_materials.TestAuth" name="test_admin_login" time="0.116"><failure message="assert 401 == 200&#10; +  where 401 = &lt;Response [401]&gt;.status_code">backend/tests/test_verkocht_celebrations_materials.py:47: in test_admin_login
    assert response.status_code == 200
E   assert 401 == 200
E    +  where 401 = &lt;Response [401]&gt;.status_code</failure></testcase><testcase classname="backend.tests.test_verkocht_celebrations_materials.TestCelebrations" name="test_get_pending_celebrations" time="0.051"><failure message="assert 404 == 200&#10; +  where 404 = &lt;Response [404]&gt;.status_code">backend/tests/test_verkocht_celebrations_materials.py:78: in test_get_pending_celebrations
    assert response.status_code == 200
E   assert 404 == 200
E    +  where 404 = &lt;Response [404]&gt;.status_code</failure></testcase><testcase classname="backend.tests.test_verkocht_celebrations_materials.TestCelebrations" name="test_mark_celebration_seen" time="0.011"><failure message="assert 404 == 200&#10; +  where 404 = &lt;Response [404]&gt;.status_code">backend/tests/test_verkocht_celebrations_materials.py:94: in test_mark_celebration_seen
    assert response.status_code == 200
E   assert 404 == 200
E    +  where 404 = &lt;Response [404]&gt;.status_code</failure></testcase><testcase classname="backend.tests.test_verkocht_celebrations_materials.TestQuoteSold" name="test_get_quotes" time="0.051"><failure message="assert 401 == 200&#10; +  where 401 = &lt;Response [401]&gt;.status_code">backend/tests/test_verkocht_celebrations_materials.py:138: in test_get_quotes
    assert response.status_code == 200
E   assert 401 == 200
E    +  where 401 = &lt;Response [401]&gt;.status_code</failure></testcase><testcase classname="backend.tests.test_verkocht_celebrations_materials.TestQuoteSold" name="test_update_quote_with_is_sold" time="0.051"><failure message="KeyError: 0">backend/tests/test_verkocht_celebrations_materials.py:151: in test_update_quote_with_is_sold
    quote = quotes[0]
            ^^^^^^^^^
E   KeyError: 0</failure></testcase><testcase classname="backend.tests.test_verkocht_celebrations_materials.TestLegacyDocumentSold" name="test_get_legacy_documents" time="0.044"><failure message="assert 401 == 200&#10; +  where 401 = &lt;Response [401]&gt;.status_code">backend/tests/test_verkocht_celebrations_materials.py:202: in test_get_legacy_documents
    assert response.status_code == 200
E   assert 401 == 200
E    +  where 401 = &lt;Response [401]&gt;.status_code</failure></testcase><testcase classname="backend.tests.test_verkocht_celebrations_materials.TestLegacyDocumentSold" name="test_update_legacy_document_with_is_sold" time="0.009"><failure message="TypeError: string indices must be integers, not 'str'">backend/tests/test_verkocht_celebrations_materials.py:226: in test_update_legacy_document_with_is_sold
    project_id = project["id"]
                 ^^^^^^^^^^^^^
E   TypeError: string indices must be integers, not 'str'</failure></testcase><testcase classname="backend.tests.test_verkocht_celebrations_materials.TestMaterialsPerWorkPeriod" name="test_add_material_to_work_period" time="0.040"><error message="failed on setup with &quot;AttributeError: 'str' object has no attribute 'get'&quot;">backend/tests/test_verkocht_celebrations_materials.py:284: in test_project_with_period
    scheduled_days = project.get("scheduled_days", [])
                     ^^^^^^^^^^^
E   AttributeError: 'str' object has no attribute 'get'</error></testcase><testcase classname="backend.tests.test_verkocht_celebrations_materials.TestMaterialsPerWorkPeriod" name="test_remove_material_from_work_period" time="0.000"><error message="failed on setup with &quot;AttributeError: 'str' object has no attribute 'get'&quot;">backend/tests/test_verkocht_celebrations_materials.py:284: in test_project_with_period
    scheduled_days = project.get("scheduled_days", [])
                     ^^^^^^^^^^^
E   AttributeError: 'str' object has no attribute 'get'</error></testcase><testcase classname="backend.tests.test_verkocht_celebrations_materials.TestMaterialReminders" name="test_get_material_reminders" time="0.041"><failure message="assert 404 == 200&#10; +  where 404 = &lt;Response [404]&gt;.status_code">backend/tests/test_verkocht_celebrations_materials.py:421: in test_get_material_reminders
    assert response.status_code == 200
E   assert 404 == 200
E    +  where 404 = &lt;Response [404]&gt;.status_code</failure></testcase><testcase classname="backend.tests.test_verkocht_celebrations_materials.TestProjectStatusUpdate" name="test_project_status_after_sale" time="0.078"><failure message="assert 401 == 200&#10; +  where 401 = &lt;Response [401]&gt;.status_code">backend/tests/test_verkocht_celebrations_materials.py:465: in test_project_status_after_sale
    assert response.status_code == 200
E   assert 401 == 200
E    +  where 401 = &lt;Response [401]&gt;.status_code</failure></testcase></testsuite></testsuites>