<?xml version="1.0" encoding="utf-8"?><testsuites name="pytest tests"><testsuite name="pytest" errors="0" failures="0" skipped="0" tests="11" time="4.220" timestamp="2026-04-01T14:00:56.831927+00:00" hostname="agent-env-c14ee2f5-a5c6-4822-bc24-4535bf866bbe"><testcase classname="backend.tests.test_quote_room_grouping.TestAdminAuth" name="test_admin_login" time="0.296" /><testcase classname="backend.tests.test_quote_room_grouping.TestQuoteLineItemEditing" name="test_get_quotes_list" time="0.270" /><testcase classname="backend.tests.test_quote_room_grouping.TestQuoteLineItemEditing" name="test_get_quote_with_items" time="0.216" /><testcase classname="backend.tests.test_quote_room_grouping.TestQuoteLineItemEditing" name="test_update_line_item_description" time="0.632" /><testcase classname="backend.tests.test_quote_room_grouping.TestQuoteLineItemEditing" name="test_update_line_item_all_fields" time="0.502" /><testcase classname="backend.tests.test_quote_room_grouping.TestSubtitleSubtotalItemTypes" name="test_create_subtitle_item" time="0.359" /><testcase classname="backend.tests.test_quote_room_grouping.TestSubtitleSubtotalItemTypes" name="test_create_subtotal_item" time="0.326" /><testcase classname="backend.tests.test_quote_room_grouping.TestSubtitleSubtotalItemTypes" name="test_subtitle_subtotal_not_counted_in_totals" time="0.582" /><testcase classname="backend.tests.test_quote_room_grouping.TestGenerateQuoteFromCalculation" name="test_find_project_with_calculation" time="0.147" /><testcase classname="backend.tests.test_quote_room_grouping.TestGenerateQuoteFromCalculation" name="test_generate_quote_creates_room_grouping" time="0.386" /><testcase classname="backend.tests.test_quote_room_grouping.TestLineItemUpdateModel" name="test_update_model_accepts_description" time="0.432" /></testsuite></testsuites>