<?xml version="1.0" encoding="utf-8"?><testsuites name="pytest tests"><testsuite name="pytest" errors="0" failures="0" skipped="0" tests="10" time="1.335" timestamp="2026-01-29T20:11:49.142158+00:00" hostname="agent-env-6be1b91a-8f95-4931-8a50-c8c03f36f8ae"><testcase classname="backend.tests.test_manual_invoices.TestManualInvoices" name="test_create_manual_invoice_entry" time="0.136" /><testcase classname="backend.tests.test_manual_invoices.TestManualInvoices" name="test_create_manual_invoice_with_billit" time="0.111" /><testcase classname="backend.tests.test_manual_invoices.TestManualInvoices" name="test_create_manual_invoice_invalid_date" time="0.055" /><testcase classname="backend.tests.test_manual_invoices.TestManualInvoices" name="test_create_manual_invoice_nonexistent_project" time="0.097" /><testcase classname="backend.tests.test_manual_invoices.TestManualInvoices" name="test_get_manual_invoice_entries" time="0.115" /><testcase classname="backend.tests.test_manual_invoices.TestManualInvoices" name="test_delete_manual_invoice_entry" time="0.114" /><testcase classname="backend.tests.test_manual_invoices.TestManualInvoices" name="test_delete_nonexistent_entry" time="0.048" /><testcase classname="backend.tests.test_manual_invoices.TestManualInvoices" name="test_get_all_manual_invoices" time="0.202" /><testcase classname="backend.tests.test_manual_invoices.TestManualInvoices" name="test_existing_manual_invoice_entry" time="0.049" /><testcase classname="backend.tests.test_manual_invoices.TestFinancesPageIntegration" name="test_finances_page_uses_manual_invoices" time="0.342" /></testsuite></testsuites>