<?xml version="1.0" encoding="utf-8"?><testsuites name="pytest tests"><testsuite name="pytest" errors="0" failures="0" skipped="1" tests="12" time="2.805" timestamp="2026-05-30T09:50:32.939679+00:00" hostname="agent-env-bba643dd-cf13-47b1-9cac-c0f7d684ce53"><testcase classname="backend.tests.test_offerte_generator.TestSources" name="test_get_sources_returns_seven" time="0.292" /><testcase classname="backend.tests.test_offerte_generator.TestRoomTemplates" name="test_list_seeded_templates" time="0.100" /><testcase classname="backend.tests.test_offerte_generator.TestRoomTemplates" name="test_crud_template" time="0.325" /><testcase classname="backend.tests.test_offerte_generator.TestRoomTemplates" name="test_delete_non_existing" time="0.109" /><testcase classname="backend.tests.test_offerte_generator.TestSuggest" name="test_suggest_for_test_project" time="0.107" /><testcase classname="backend.tests.test_offerte_generator.TestSuggest" name="test_suggest_unknown_project_404" time="0.112" /><testcase classname="backend.tests.test_offerte_generator.TestCreateQuote" name="test_create_quote_persists_and_returns_id" time="0.289" /><testcase classname="backend.tests.test_offerte_generator.TestCreateQuote" name="test_create_quote_empty_lines_400" time="0.098" /><testcase classname="backend.tests.test_offerte_generator.TestCreateQuote" name="test_create_quote_unknown_project_404" time="0.108" /><testcase classname="backend.tests.test_offerte_generator.TestCreateQuote" name="test_create_quote_project_without_lead_400" time="0.106"><skipped type="pytest.skip" message="Cannot create test project (status 422): {&quot;detail&quot;:[{&quot;type&quot;:&quot;missing&quot;,&quot;loc&quot;:[&quot;body&quot;,&quot;name&quot;],&quot;msg&quot;:&quot;Field required&quot;,&quot;input&quot;:{&quot;address&quot;:&quot;TEST_NoLead_1C&quot;,&quot;city&quot;:&quot;Gent&quot;},&quot;url&quot;:&quot;https://errors.pydantic.dev/2.12/v/missing&quot;}]}">/app/backend/tests/test_offerte_generator.py:244: Cannot create test project (status 422): {"detail":[{"type":"missing","loc":["body","name"],"msg":"Field required","input":{"address":"TEST_NoLead_1C","city":"Gent"},"url":"https://errors.pydantic.dev/2.12/v/missing"}]}</skipped></testcase><testcase classname="backend.tests.test_offerte_generator.TestZelflerend" name="test_price_writeback_to_werkpost" time="0.905" /><testcase classname="backend.tests.test_offerte_generator.TestWerkpostDefaultSource" name="test_create_werkpost_with_default_source" time="0.191" /></testsuite></testsuites>