<?xml version="1.0" encoding="utf-8"?><testsuites name="pytest tests"><testsuite name="pytest" errors="0" failures="0" skipped="0" tests="11" time="1.895" timestamp="2026-04-11T08:32:53.288394+00:00" hostname="agent-env-1a15ad26-9440-4c29-b8d2-5a666a42b518"><testcase classname="backend.tests.test_blog_admin_features.TestBlogTopicsAPI" name="test_get_blog_topics" time="0.232" /><testcase classname="backend.tests.test_blog_admin_features.TestBlogTopicsAPI" name="test_create_blog_topic" time="0.319" /><testcase classname="backend.tests.test_blog_admin_features.TestBlogTopicsAPI" name="test_create_topic_empty_validation" time="0.099" /><testcase classname="backend.tests.test_blog_admin_features.TestBlogTopicsAPI" name="test_delete_blog_topic" time="0.305" /><testcase classname="backend.tests.test_blog_admin_features.TestBlogTopicsAPI" name="test_delete_nonexistent_topic" time="0.096" /><testcase classname="backend.tests.test_blog_admin_features.TestBlogsAPI" name="test_get_blogs" time="0.101" /><testcase classname="backend.tests.test_blog_admin_features.TestBlogsAPI" name="test_get_blogs_with_published_only_false" time="0.111" /><testcase classname="backend.tests.test_blog_admin_features.TestBlogsAPI" name="test_get_blog_by_slug" time="0.250" /><testcase classname="backend.tests.test_blog_admin_features.TestBlogsAPI" name="test_get_blog_nonexistent_slug" time="0.103" /><testcase classname="backend.tests.test_blog_admin_features.TestExistingCustomTopic" name="test_existing_custom_topic_present" time="0.104" /><testcase classname="backend.tests.test_blog_admin_features.TestBlogSitemap" name="test_blog_sitemap_xml" time="0.115" /></testsuite></testsuites>