<?xml version="1.0" encoding="utf-8"?><testsuites name="pytest tests"><testsuite name="pytest" errors="0" failures="0" skipped="0" tests="19" time="2.351" timestamp="2026-03-18T11:31:01.819590+00:00" hostname="agent-env-a913cd84-7223-430e-add4-46276c676907"><testcase classname="backend.tests.test_material_catalog.TestAdminCatalogCRUD" name="test_get_catalog_list" time="0.408" /><testcase classname="backend.tests.test_material_catalog.TestAdminCatalogCRUD" name="test_create_catalog_item_without_sizes" time="0.052" /><testcase classname="backend.tests.test_material_catalog.TestAdminCatalogCRUD" name="test_create_catalog_item_with_sizes" time="0.059" /><testcase classname="backend.tests.test_material_catalog.TestAdminCatalogCRUD" name="test_update_catalog_item" time="0.102" /><testcase classname="backend.tests.test_material_catalog.TestAdminCatalogCRUD" name="test_delete_catalog_item" time="0.105" /><testcase classname="backend.tests.test_material_catalog.TestAdminCatalogCRUD" name="test_delete_catalog_item_with_sizes" time="0.048" /><testcase classname="backend.tests.test_material_catalog.TestWorkerCatalogAccess" name="test_worker_can_view_catalog" time="0.242" /><testcase classname="backend.tests.test_material_catalog.TestWorkerCatalogAccess" name="test_worker_can_get_projects" time="0.057" /><testcase classname="backend.tests.test_material_catalog.TestWorkerCatalogAccess" name="test_worker_cannot_create_catalog_item" time="0.061" /><testcase classname="backend.tests.test_material_catalog.TestWorkerCatalogAccess" name="test_worker_cannot_delete_catalog_item" time="0.125" /><testcase classname="backend.tests.test_material_catalog.TestMaterialOrders" name="test_worker_can_create_order_without_size" time="0.189" /><testcase classname="backend.tests.test_material_catalog.TestMaterialOrders" name="test_worker_can_create_order_with_size" time="0.191" /><testcase classname="backend.tests.test_material_catalog.TestMaterialOrders" name="test_worker_can_create_multi_item_order" time="0.221" /><testcase classname="backend.tests.test_material_catalog.TestMaterialOrders" name="test_order_appears_in_material_requests" time="0.066" /><testcase classname="backend.tests.test_material_catalog.TestEdgeCases" name="test_create_item_without_title_fails" time="0.049" /><testcase classname="backend.tests.test_material_catalog.TestEdgeCases" name="test_update_nonexistent_item_fails" time="0.063" /><testcase classname="backend.tests.test_material_catalog.TestEdgeCases" name="test_delete_nonexistent_item_fails" time="0.051" /><testcase classname="backend.tests.test_material_catalog.TestEdgeCases" name="test_order_without_items_fails" time="0.125" /><testcase classname="backend.tests.test_material_catalog.TestCleanup" name="test_cleanup_test_material_requests" time="0.052" /></testsuite></testsuites>