<?xml version="1.0" encoding="utf-8"?><testsuites name="pytest tests"><testsuite name="pytest" errors="0" failures="1" skipped="0" tests="16" time="2.225" timestamp="2026-02-03T06:46:21.585369+00:00" hostname="agent-env-09e9b297-43f1-48d7-af31-a20393cc132c"><testcase classname="tests.test_password_reset_and_user_management.TestUserManagement" name="test_create_worker" time="0.269" /><testcase classname="tests.test_password_reset_and_user_management.TestUserManagement" name="test_get_workers_list" time="0.126" /><testcase classname="tests.test_password_reset_and_user_management.TestUserManagement" name="test_toggle_worker_status" time="0.188" /><testcase classname="tests.test_password_reset_and_user_management.TestUserManagement" name="test_delete_worker" time="0.251" /><testcase classname="tests.test_password_reset_and_user_management.TestUserManagement" name="test_reset_worker_password" time="0.163" /><testcase classname="tests.test_password_reset_and_user_management.TestUserManagement" name="test_reset_worker_password_invalid_worker" time="0.076" /><testcase classname="tests.test_password_reset_and_user_management.TestUserManagement" name="test_reset_worker_password_short_password" time="0.143" /><testcase classname="tests.test_password_reset_and_user_management.TestUserManagement" name="test_create_admin" time="0.174" /><testcase classname="tests.test_password_reset_and_user_management.TestUserManagement" name="test_get_admins_list" time="0.111" /><testcase classname="tests.test_password_reset_and_user_management.TestUserManagement" name="test_delete_admin" time="0.090" /><testcase classname="tests.test_password_reset_and_user_management.TestUserManagement" name="test_reset_admin_password" time="0.152" /><testcase classname="tests.test_password_reset_and_user_management.TestUserManagement" name="test_reset_admin_password_invalid_admin" time="0.081" /><testcase classname="tests.test_password_reset_and_user_management.TestUserManagement" name="test_reset_admin_password_short_password" time="0.134" /><testcase classname="tests.test_password_reset_and_user_management.TestAuthenticationFlow" name="test_admin_login_success" time="0.039" /><testcase classname="tests.test_password_reset_and_user_management.TestAuthenticationFlow" name="test_admin_login_invalid_credentials" time="0.040" /><testcase classname="tests.test_password_reset_and_user_management.TestAuthenticationFlow" name="test_get_current_user" time="0.090"><failure message="AssertionError: assert 'id' in {'_id': 'test', 'created_at': '2025-12-25T09:57:42.511813Z', 'email': 'test@qtechnics.local', 'name': 'Test User', ...}">tests/test_password_reset_and_user_management.py:388: in test_get_current_user
    assert "id" in data
E   AssertionError: assert 'id' in {'_id': 'test', 'created_at': '2025-12-25T09:57:42.511813Z', 'email': 'test@qtechnics.local', 'name': 'Test User', ...}</failure></testcase></testsuite></testsuites>