<?xml version="1.0" encoding="utf-8"?><testsuites name="pytest tests"><testsuite name="pytest" errors="0" failures="1" skipped="0" tests="23" time="4.812" timestamp="2026-03-18T10:08:41.012805+00:00" hostname="agent-env-597f9f82-3f80-4f9d-a1e6-b62b6842288d"><testcase classname="backend.tests.test_project_renovation_calculator.TestProjectRoomManagement" name="test_add_single_room_to_project" time="0.426" /><testcase classname="backend.tests.test_project_renovation_calculator.TestProjectRoomManagement" name="test_verify_room_added_to_project" time="0.158" /><testcase classname="backend.tests.test_project_renovation_calculator.TestProjectRoomManagement" name="test_bulk_add_rooms_to_project" time="0.193" /><testcase classname="backend.tests.test_project_renovation_calculator.TestProjectRoomManagement" name="test_delete_project_room" time="0.132" /><testcase classname="backend.tests.test_project_renovation_calculator.TestProjectRoomManagement" name="test_cleanup_bulk_rooms" time="0.418" /><testcase classname="backend.tests.test_project_renovation_calculator.TestRenovationCalculation" name="test_calculate_renovation" time="0.153" /><testcase classname="backend.tests.test_project_renovation_calculator.TestRenovationCalculation" name="test_get_renovation_calculation" time="0.148" /><testcase classname="backend.tests.test_project_renovation_calculator.TestRenovationCalculation" name="test_calculation_has_floor_options" time="0.131" /><testcase classname="backend.tests.test_project_renovation_calculator.TestRenovationCalculation" name="test_calculation_has_wall_scenarios" time="0.133" /><testcase classname="backend.tests.test_project_renovation_calculator.TestToggleAndSwitchOptions" name="test_toggle_calc_item" time="0.407" /><testcase classname="backend.tests.test_project_renovation_calculator.TestToggleAndSwitchOptions" name="test_switch_floor_option" time="0.257" /><testcase classname="backend.tests.test_project_renovation_calculator.TestToggleAndSwitchOptions" name="test_switch_wall_scenario" time="0.412" /><testcase classname="backend.tests.test_project_renovation_calculator.TestQuoteGeneration" name="test_generate_quote_from_calculation" time="0.163" /><testcase classname="backend.tests.test_project_renovation_calculator.TestQuoteGeneration" name="test_verify_quote_has_line_items" time="0.129"><failure message="AssertionError: Failed: 404 - {&quot;detail&quot;:&quot;Not Found&quot;}&#10;assert 404 == 200&#10; +  where 404 = &lt;Response [404]&gt;.status_code">backend/tests/test_project_renovation_calculator.py:370: in test_verify_quote_has_line_items
    assert response.status_code == 200, f"Failed: {response.status_code} - {response.text}"
E   AssertionError: Failed: 404 - {"detail":"Not Found"}
E   assert 404 == 200
E    +  where 404 = &lt;Response [404]&gt;.status_code</failure></testcase><testcase classname="backend.tests.test_project_renovation_calculator.TestAutoSaveWorkItem" name="test_auto_save_new_work_item" time="0.133" /><testcase classname="backend.tests.test_project_renovation_calculator.TestAutoSaveWorkItem" name="test_auto_save_duplicate_returns_existing" time="0.268" /><testcase classname="backend.tests.test_project_renovation_calculator.TestAutoSaveWorkItem" name="test_auto_save_requires_title" time="0.122" /><testcase classname="backend.tests.test_project_renovation_calculator.TestAutoSaveWorkItem" name="test_cleanup_test_work_items" time="0.262" /><testcase classname="backend.tests.test_project_renovation_calculator.TestAuthorizationChecks" name="test_add_room_requires_auth" time="0.142" /><testcase classname="backend.tests.test_project_renovation_calculator.TestAuthorizationChecks" name="test_calculate_renovation_requires_auth" time="0.132" /><testcase classname="backend.tests.test_project_renovation_calculator.TestAuthorizationChecks" name="test_generate_quote_requires_auth" time="0.131" /><testcase classname="backend.tests.test_project_renovation_calculator.TestEdgeCases" name="test_calculate_with_no_rooms" time="0.126" /><testcase classname="backend.tests.test_project_renovation_calculator.TestEdgeCases" name="test_get_calculation_when_none_exists" time="0.123" /></testsuite></testsuites>