<?xml version="1.0" encoding="utf-8"?><testsuites name="pytest tests"><testsuite name="pytest" errors="0" failures="0" skipped="0" tests="5" time="1.171" timestamp="2026-06-03T12:43:50.243661+00:00" hostname="agent-env-bba643dd-cf13-47b1-9cac-c0f7d684ce53"><testcase classname="backend.tests.test_offerte_learn_prices.TestLearnPriceEndpoint" name="test_create_new_werkpost_via_learn_price" time="0.376" /><testcase classname="backend.tests.test_offerte_learn_prices.TestLearnPriceEndpoint" name="test_update_existing_logs_price_history" time="0.162" /><testcase classname="backend.tests.test_offerte_learn_prices.TestLearnPriceEndpoint" name="test_update_via_work_item_id_takes_precedence" time="0.055" /><testcase classname="backend.tests.test_offerte_learn_prices.TestCreateQuoteAutoLearn" name="test_priced_line_without_work_item_id_creates_werkpost" time="0.121" /><testcase classname="backend.tests.test_offerte_learn_prices.TestCreateQuoteAutoLearn" name="test_priced_line_with_work_item_id_updates_existing" time="0.399" /></testsuite></testsuites>