<?xml version="1.0" encoding="utf-8"?><testsuites name="pytest tests"><testsuite name="pytest" errors="0" failures="4" skipped="0" tests="11" time="0.612" timestamp="2026-01-30T07:32:08.957258+00:00" hostname="agent-env-6be1b91a-8f95-4931-8a50-c8c03f36f8ae"><testcase classname="backend.tests.test_verkocht_celebrations_materials.TestAuth" name="test_admin_login" time="0.091" /><testcase classname="backend.tests.test_verkocht_celebrations_materials.TestCelebrations" name="test_get_pending_celebrations" time="0.049"><failure message="assert 404 == 200&#10; +  where 404 = &lt;Response [404]&gt;.status_code">backend/tests/test_verkocht_celebrations_materials.py:61: in test_get_pending_celebrations
    assert response.status_code == 200
E   assert 404 == 200
E    +  where 404 = &lt;Response [404]&gt;.status_code</failure></testcase><testcase classname="backend.tests.test_verkocht_celebrations_materials.TestCelebrations" name="test_mark_celebration_seen" time="0.012"><failure message="assert 404 == 200&#10; +  where 404 = &lt;Response [404]&gt;.status_code">backend/tests/test_verkocht_celebrations_materials.py:77: in test_mark_celebration_seen
    assert response.status_code == 200
E   assert 404 == 200
E    +  where 404 = &lt;Response [404]&gt;.status_code</failure></testcase><testcase classname="backend.tests.test_verkocht_celebrations_materials.TestQuoteSold" name="test_get_quotes" time="0.013" /><testcase classname="backend.tests.test_verkocht_celebrations_materials.TestQuoteSold" name="test_update_quote_with_is_sold" time="0.037" /><testcase classname="backend.tests.test_verkocht_celebrations_materials.TestLegacyDocumentSold" name="test_get_legacy_documents" time="0.070" /><testcase classname="backend.tests.test_verkocht_celebrations_materials.TestLegacyDocumentSold" name="test_update_legacy_document_with_is_sold" time="0.085" /><testcase classname="backend.tests.test_verkocht_celebrations_materials.TestMaterialsPerWorkPeriod" name="test_add_material_to_work_period" time="0.063"><failure message="assert 404 == 200&#10; +  where 404 = &lt;Response [404]&gt;.status_code">backend/tests/test_verkocht_celebrations_materials.py:259: in test_add_material_to_work_period
    assert response.status_code == 200
E   assert 404 == 200
E    +  where 404 = &lt;Response [404]&gt;.status_code</failure></testcase><testcase classname="backend.tests.test_verkocht_celebrations_materials.TestMaterialsPerWorkPeriod" name="test_remove_material_from_work_period" time="0.064" /><testcase classname="backend.tests.test_verkocht_celebrations_materials.TestMaterialReminders" name="test_get_material_reminders" time="0.009"><failure message="assert 404 == 200&#10; +  where 404 = &lt;Response [404]&gt;.status_code">backend/tests/test_verkocht_celebrations_materials.py:334: in test_get_material_reminders
    assert response.status_code == 200
E   assert 404 == 200
E    +  where 404 = &lt;Response [404]&gt;.status_code</failure></testcase><testcase classname="backend.tests.test_verkocht_celebrations_materials.TestProjectStatusUpdate" name="test_project_status_after_sale" time="0.013" /></testsuite></testsuites>