<?xml version="1.0" encoding="utf-8"?><testsuites name="pytest tests"><testsuite name="pytest" errors="0" failures="0" skipped="0" tests="13" time="3.788" timestamp="2026-03-19T14:19:04.607543+00:00" hostname="agent-env-a0940195-3d54-4ec8-9594-3c636c63528f"><testcase classname="backend.tests.test_material_catalog_new_features.TestWorkerAuthentication" name="test_worker_login_success" time="0.274" /><testcase classname="backend.tests.test_material_catalog_new_features.TestWorkerAuthentication" name="test_worker_login_invalid_credentials" time="0.128" /><testcase classname="backend.tests.test_material_catalog_new_features.TestMaterialCatalogEndpoints" name="test_get_material_catalog" time="0.292" /><testcase classname="backend.tests.test_material_catalog_new_features.TestMaterialCatalogEndpoints" name="test_get_material_categories" time="0.236" /><testcase classname="backend.tests.test_material_catalog_new_features.TestMaterialCatalogEndpoints" name="test_get_projects_for_worker" time="0.254" /><testcase classname="backend.tests.test_material_catalog_new_features.TestMaterialOrderWithManualItems" name="test_create_material_order_with_catalog_item" time="0.362" /><testcase classname="backend.tests.test_material_catalog_new_features.TestMaterialOrderWithManualItems" name="test_create_material_order_with_manual_item" time="0.357" /><testcase classname="backend.tests.test_material_catalog_new_features.TestMaterialOrderWithManualItems" name="test_create_material_order_with_mixed_items" time="0.413" /><testcase classname="backend.tests.test_material_catalog_new_features.TestMaterialOrderWithManualItems" name="test_verify_material_requests_created" time="0.367" /><testcase classname="backend.tests.test_material_catalog_new_features.TestPhotoUploadEndpoint" name="test_upload_photo_endpoint_exists" time="0.229" /><testcase classname="backend.tests.test_material_catalog_new_features.TestPhotoUploadEndpoint" name="test_upload_photo_with_mock_file" time="0.261" /><testcase classname="backend.tests.test_material_catalog_new_features.TestAdminMaterialOrders" name="test_admin_can_view_material_requests" time="0.297" /><testcase classname="backend.tests.test_material_catalog_new_features.TestCleanup" name="test_cleanup_test_material_requests" time="0.247" /></testsuite></testsuites>