<?xml version="1.0" encoding="utf-8"?><testsuites name="pytest tests"><testsuite name="pytest" errors="0" failures="0" skipped="0" tests="14" time="1.831" timestamp="2026-03-31T10:50:34.844920+00:00" hostname="agent-env-1a15ad26-9440-4c29-b8d2-5a666a42b518"><testcase classname="backend.tests.test_api.TestHealthAndRoot" name="test_root_endpoint" time="0.160" /><testcase classname="backend.tests.test_api.TestProjectsAPI" name="test_get_projects_list" time="0.104" /><testcase classname="backend.tests.test_api.TestProjectsAPI" name="test_create_project" time="0.118" /><testcase classname="backend.tests.test_api.TestProjectsAPI" name="test_get_single_project" time="0.106" /><testcase classname="backend.tests.test_api.TestProjectsAPI" name="test_update_project" time="0.100" /><testcase classname="backend.tests.test_api.TestProjectsAPI" name="test_get_nonexistent_project" time="0.136" /><testcase classname="backend.tests.test_api.TestProjectsAPI" name="test_delete_project" time="0.240" /><testcase classname="backend.tests.test_api.TestLeadsAPI" name="test_create_lead" time="0.104" /><testcase classname="backend.tests.test_api.TestLeadsAPI" name="test_get_leads_list" time="0.098" /><testcase classname="backend.tests.test_api.TestLeadsAPI" name="test_create_lead_invalid_email" time="0.098" /><testcase classname="backend.tests.test_api.TestLeadsAPI" name="test_delete_lead" time="0.165" /><testcase classname="backend.tests.test_api.TestStatusAPI" name="test_create_status_check" time="0.129" /><testcase classname="backend.tests.test_api.TestStatusAPI" name="test_get_status_checks" time="0.104" /><testcase classname="backend.tests.test_api.TestSitemapAccess" name="test_sitemap_accessible" time="0.098" /></testsuite></testsuites>