<?xml version="1.0" encoding="utf-8"?><testsuites name="pytest tests"><testsuite name="pytest" errors="0" failures="0" skipped="0" tests="20" time="2.987" timestamp="2026-03-31T19:01:40.129865+00:00" hostname="agent-env-1a15ad26-9440-4c29-b8d2-5a666a42b518"><testcase classname="backend.tests.test_seo_artifacts.TestSEOArtifacts" name="test_llms_txt_accessible" time="0.227" /><testcase classname="backend.tests.test_seo_artifacts.TestSEOArtifacts" name="test_llms_txt_contains_locations" time="0.124" /><testcase classname="backend.tests.test_seo_artifacts.TestSEOArtifacts" name="test_llms_txt_contains_services" time="0.181" /><testcase classname="backend.tests.test_seo_artifacts.TestSEOArtifacts" name="test_llms_txt_contains_service_location_urls" time="0.128" /><testcase classname="backend.tests.test_seo_artifacts.TestSEOArtifacts" name="test_llms_txt_size" time="0.130" /><testcase classname="backend.tests.test_seo_artifacts.TestSEOArtifacts" name="test_robots_txt_accessible" time="0.108" /><testcase classname="backend.tests.test_seo_artifacts.TestSEOArtifacts" name="test_robots_txt_references_both_sitemaps" time="0.107" /><testcase classname="backend.tests.test_seo_artifacts.TestSEOArtifacts" name="test_sitemap_xml_accessible" time="0.116" /><testcase classname="backend.tests.test_seo_artifacts.TestSEOArtifacts" name="test_sitemap_xml_url_count" time="0.201" /><testcase classname="backend.tests.test_seo_artifacts.TestSEOArtifacts" name="test_sitemap_xml_valid_structure" time="0.219" /><testcase classname="backend.tests.test_seo_artifacts.TestDynamicBlogSitemap" name="test_blog_sitemap_accessible" time="0.114" /><testcase classname="backend.tests.test_seo_artifacts.TestDynamicBlogSitemap" name="test_blog_sitemap_valid_xml" time="0.129" /><testcase classname="backend.tests.test_seo_artifacts.TestDynamicBlogSitemap" name="test_blog_sitemap_content_type" time="0.128" /><testcase classname="backend.tests.test_seo_artifacts.TestBackendAPIs" name="test_api_root" time="0.186" /><testcase classname="backend.tests.test_seo_artifacts.TestBackendAPIs" name="test_api_blogs_list" time="0.175" /><testcase classname="backend.tests.test_seo_artifacts.TestBackendAPIs" name="test_api_projects_list" time="0.117" /><testcase classname="backend.tests.test_seo_artifacts.TestFrontendPages" name="test_homepage_loads" time="0.118" /><testcase classname="backend.tests.test_seo_artifacts.TestFrontendPages" name="test_blog_page_loads" time="0.121" /><testcase classname="backend.tests.test_seo_artifacts.TestFrontendPages" name="test_service_page_loads" time="0.113" /><testcase classname="backend.tests.test_seo_artifacts.TestFrontendPages" name="test_service_location_page_loads" time="0.162" /></testsuite></testsuites>